<?xml version="1.0" encoding="UTF-8"?>
<robot generator="Robot 7.1.1 (Python 3.12.3 on linux)" generated="2025-01-14T10:08:53.427387" rpa="false" schemaversion="5">
<suite id="s1" name="Loteria" source="/home/wesley-santos/Documents/loteria/loteria.robot">
<test id="s1-t1" name="Automation" line="5">
<kw name="Access site" owner="resources">
<kw name="Open Browser" owner="SeleniumLibrary">
<msg time="2025-01-14T10:08:53.529019" level="INFO">Opening browser 'chrome' to base url 'https://www.loteriasonline.caixa.gov.br/'.</msg>
<arg>browser=${BROWSER}</arg>
<arg>url=${URL}</arg>
<arg>options=add_experimental_option("detach",True)</arg>
<doc>Opens a new browser instance to the optional ``url``.</doc>
<status status="PASS" start="2025-01-14T10:08:53.528772" elapsed="2.228064"/>
</kw>
<kw name="Maximize Browser Window" owner="SeleniumLibrary">
<doc>Maximizes current browser window.</doc>
<status status="PASS" start="2025-01-14T10:08:55.757884" elapsed="0.045920"/>
</kw>
<status status="PASS" start="2025-01-14T10:08:53.528306" elapsed="2.276349"/>
</kw>
<kw name="Confirm more 18" owner="resources">
<kw name="Wait Until Element Is Visible" owner="SeleniumLibrary">
<arg>locator=${ELEMENT_YES_MORE_18}</arg>
<doc>Waits until the element ``locator`` is visible.</doc>
<status status="PASS" start="2025-01-14T10:08:55.805666" elapsed="0.048153"/>
</kw>
<kw name="Click Element" owner="SeleniumLibrary">
<msg time="2025-01-14T10:08:55.855227" level="INFO">Clicking element 'id=botaosim'.</msg>
<arg>locator=${ELEMENT_YES_MORE_18}</arg>
<doc>Click the element identified by ``locator``.</doc>
<status status="PASS" start="2025-01-14T10:08:55.854352" elapsed="0.446107"/>
</kw>
<status status="PASS" start="2025-01-14T10:08:55.805117" elapsed="0.495491"/>
</kw>
<kw name="Select &quot;Mega da Virada&quot; option" owner="resources">
<kw name="Wait Until Element Is Visible" owner="SeleniumLibrary">
<arg>locator=${DIV_MEGA_VIRADA_LOCATOR}</arg>
<doc>Waits until the element ``locator`` is visible.</doc>
<status status="PASS" start="2025-01-14T10:08:56.301242" elapsed="0.203217"/>
</kw>
<kw name="Click Element" owner="SeleniumLibrary">
<msg time="2025-01-14T10:08:56.505995" level="INFO">Clicking element '//a[@class='gepup-loterias-link data-jogo-mega-sena']'.</msg>
<arg>locator=${DIV_MEGA_VIRADA_LOCATOR}</arg>
<doc>Click the element identified by ``locator``.</doc>
<status status="PASS" start="2025-01-14T10:08:56.504995" elapsed="0.348309"/>
</kw>
<status status="PASS" start="2025-01-14T10:08:56.300905" elapsed="0.552788"/>
</kw>
<kw name="Select numbers" owner="resources">
<kw name="Wait Until Element Is Visible" owner="SeleniumLibrary">
<arg>locator=${ELEMENT_COMPLETE_GAME_LOCATOR}</arg>
<doc>Waits until the element ``locator`` is visible.</doc>
<status status="PASS" start="2025-01-14T10:08:56.855241" elapsed="0.097651"/>
</kw>
<kw name="Create List" owner="BuiltIn">
<msg time="2025-01-14T10:08:56.953764" level="INFO">@{LIST_1} = [ 01 | 02 | 03 | 07 | 19 | 42 ]</msg>
<var>@{LIST_1}</var>
<arg>01</arg>
<arg>02</arg>
<arg>03</arg>
<arg>07</arg>
<arg>19</arg>
<arg>42</arg>
<doc>Returns a list containing given items.</doc>
<status status="PASS" start="2025-01-14T10:08:56.953396" elapsed="0.000406"/>
</kw>
<kw name="Create List" owner="BuiltIn">
<msg time="2025-01-14T10:08:56.954161" level="INFO">@{LIST_2} = [ 01 | 02 | 07 | 15 | 23 | 39 ]</msg>
<var>@{LIST_2}</var>
<arg>01</arg>
<arg>02</arg>
<arg>07</arg>
<arg>15</arg>
<arg>23</arg>
<arg>39</arg>
<doc>Returns a list containing given items.</doc>
<status status="PASS" start="2025-01-14T10:08:56.953962" elapsed="0.000221"/>
</kw>
<kw name="Create List" owner="BuiltIn">
<msg time="2025-01-14T10:08:56.954391" level="INFO">@{LIST_3} = [ 01 | 02 | 26 | 38 | 42 | 48 ]</msg>
<var>@{LIST_3}</var>
<arg>01</arg>
<arg>02</arg>
<arg>26</arg>
<arg>38</arg>
<arg>42</arg>
<arg>48</arg>
<doc>Returns a list containing given items.</doc>
<status status="PASS" start="2025-01-14T10:08:56.954276" elapsed="0.000133"/>
</kw>
<kw name="Create List" owner="BuiltIn">
<msg time="2025-01-14T10:08:56.954611" level="INFO">@{LIST_4} = [ 01 | 02 | 32 | 45 | 48 | 57 ]</msg>
<var>@{LIST_4}</var>
<arg>01</arg>
<arg>02</arg>
<arg>32</arg>
<arg>45</arg>
<arg>48</arg>
<arg>57</arg>
<doc>Returns a list containing given items.</doc>
<status status="PASS" start="2025-01-14T10:08:56.954488" elapsed="0.000143"/>
</kw>
<kw name="Create List" owner="BuiltIn">
<msg time="2025-01-14T10:08:56.954853" level="INFO">@{LIST_5} = [ 01 | 04 | 05 | 25 | 36 | 57 ]</msg>
<var>@{LIST_5}</var>
<arg>01</arg>
<arg>04</arg>
<arg>05</arg>
<arg>25</arg>
<arg>36</arg>
<arg>57</arg>
<doc>Returns a list containing given items.</doc>
<status status="PASS" start="2025-01-14T10:08:56.954719" elapsed="0.000168"/>
</kw>
<kw name="Create List" owner="BuiltIn">
<msg time="2025-01-14T10:08:56.955143" level="INFO">@{LIST_6} = [ 01 | 04 | 15 | 22 | 41 | 53 ]</msg>
<var>@{LIST_6}</var>
<arg>01</arg>
<arg>04</arg>
<arg>15</arg>
<arg>22</arg>
<arg>41</arg>
<arg>53</arg>
<doc>Returns a list containing given items.</doc>
<status status="PASS" start="2025-01-14T10:08:56.954990" elapsed="0.000182"/>
</kw>
<kw name="Create List" owner="BuiltIn">
<msg time="2025-01-14T10:08:56.955366" level="INFO">@{LIST_7} = [ 01 | 04 | 33 | 40 | 44 | 56 ]</msg>
<var>@{LIST_7}</var>
<arg>01</arg>
<arg>04</arg>
<arg>33</arg>
<arg>40</arg>
<arg>44</arg>
<arg>56</arg>
<doc>Returns a list containing given items.</doc>
<status status="PASS" start="2025-01-14T10:08:56.955268" elapsed="0.000114"/>
</kw>
<kw name="Create List" owner="BuiltIn">
<msg time="2025-01-14T10:08:56.955555" level="INFO">@{LIST_8} = [ 01 | 05 | 06 | 10 | 30 | 32 ]</msg>
<var>@{LIST_8}</var>
<arg>01</arg>
<arg>05</arg>
<arg>06</arg>
<arg>10</arg>
<arg>30</arg>
<arg>32</arg>
<doc>Returns a list containing given items.</doc>
<status status="PASS" start="2025-01-14T10:08:56.955461" elapsed="0.000110"/>
</kw>
<kw name="Create List" owner="BuiltIn">
<msg time="2025-01-14T10:08:56.955738" level="INFO">@{LIST_9} = [ 01 | 05 | 24 | 31 | 51 | 58 ]</msg>
<var>@{LIST_9}</var>
<arg>01</arg>
<arg>05</arg>
<arg>24</arg>
<arg>31</arg>
<arg>51</arg>
<arg>58</arg>
<doc>Returns a list containing given items.</doc>
<status status="PASS" start="2025-01-14T10:08:56.955646" elapsed="0.000113"/>
</kw>
<kw name="Create List" owner="BuiltIn">
<msg time="2025-01-14T10:08:56.955985" level="INFO">@{LIST_10} = [ 01 | 07 | 16 | 27 | 29 | 52 ]</msg>
<var>@{LIST_10}</var>
<arg>01</arg>
<arg>07</arg>
<arg>16</arg>
<arg>27</arg>
<arg>29</arg>
<arg>52</arg>
<doc>Returns a list containing given items.</doc>
<status status="PASS" start="2025-01-14T10:08:56.955850" elapsed="0.000588"/>
</kw>
<kw name="Create List" owner="BuiltIn">
<msg time="2025-01-14T10:08:56.956759" level="INFO">@{LIST_11} = [ 01 | 08 | 18 | 20 | 28 | 51 ]</msg>
<var>@{LIST_11}</var>
<arg>01</arg>
<arg>08</arg>
<arg>18</arg>
<arg>20</arg>
<arg>28</arg>
<arg>51</arg>
<doc>Returns a list containing given items.</doc>
<status status="PASS" start="2025-01-14T10:08:56.956607" elapsed="0.000172"/>
</kw>
<kw name="Create List" owner="BuiltIn">
<msg time="2025-01-14T10:08:56.956957" level="INFO">@{LIST_12} = [ 01 | 08 | 27 | 29 | 30 | 37 ]</msg>
<var>@{LIST_12}</var>
<arg>01</arg>
<arg>08</arg>
<arg>27</arg>
<arg>29</arg>
<arg>30</arg>
<arg>37</arg>
<doc>Returns a list containing given items.</doc>
<status status="PASS" start="2025-01-14T10:08:56.956864" elapsed="0.000110"/>
</kw>
<kw name="Create List" owner="BuiltIn">
<msg time="2025-01-14T10:08:56.957163" level="INFO">@{LIST_13} = [ 01 | 09 | 11 | 24 | 36 | 53 ]</msg>
<var>@{LIST_13}</var>
<arg>01</arg>
<arg>09</arg>
<arg>11</arg>
<arg>24</arg>
<arg>36</arg>
<arg>53</arg>
<doc>Returns a list containing given items.</doc>
<status status="PASS" start="2025-01-14T10:08:56.957075" elapsed="0.000102"/>
</kw>
<kw name="Create List" owner="BuiltIn">
<msg time="2025-01-14T10:08:56.957329" level="INFO">@{LIST_14} = [ 01 | 09 | 19 | 27 | 36 | 52 ]</msg>
<var>@{LIST_14}</var>
<arg>01</arg>
<arg>09</arg>
<arg>19</arg>
<arg>27</arg>
<arg>36</arg>
<arg>52</arg>
<doc>Returns a list containing given items.</doc>
<status status="PASS" start="2025-01-14T10:08:56.957242" elapsed="0.000101"/>
</kw>
<kw name="Create List" owner="BuiltIn">
<msg time="2025-01-14T10:08:56.957901" level="INFO">@{LIST_15} = [ 01 | 09 | 21 | 37 | 42 | 48 ]</msg>
<var>@{LIST_15}</var>
<arg>01</arg>
<arg>09</arg>
<arg>21</arg>
<arg>37</arg>
<arg>42</arg>
<arg>48</arg>
<doc>Returns a list containing given items.</doc>
<status status="PASS" start="2025-01-14T10:08:56.957713" elapsed="0.000210"/>
</kw>
<kw name="Create List" owner="BuiltIn">
<msg time="2025-01-14T10:08:56.958177" level="INFO">@{LIST_16} = [ 01 | 09 | 24 | 33 | 48 | 52 ]</msg>
<var>@{LIST_16}</var>
<arg>01</arg>
<arg>09</arg>
<arg>24</arg>
<arg>33</arg>
<arg>48</arg>
<arg>52</arg>
<doc>Returns a list containing given items.</doc>
<status status="PASS" start="2025-01-14T10:08:56.958066" elapsed="0.000125"/>
</kw>
<kw name="Create List" owner="BuiltIn">
<msg time="2025-01-14T10:08:56.958414" level="INFO">@{LIST_17} = [ 01 | 10 | 11 | 34 | 41 | 58 ]</msg>
<var>@{LIST_17}</var>
<arg>01</arg>
<arg>10</arg>
<arg>11</arg>
<arg>34</arg>
<arg>41</arg>
<arg>58</arg>
<doc>Returns a list containing given items.</doc>
<status status="PASS" start="2025-01-14T10:08:56.958295" elapsed="0.000138"/>
</kw>
<kw name="Create List" owner="BuiltIn">
<msg time="2025-01-14T10:08:56.958642" level="INFO">@{LIST_18} = [ 01 | 10 | 18 | 50 | 56 | 58 ]</msg>
<var>@{LIST_18}</var>
<arg>01</arg>
<arg>10</arg>
<arg>18</arg>
<arg>50</arg>
<arg>56</arg>
<arg>58</arg>
<doc>Returns a list containing given items.</doc>
<status status="PASS" start="2025-01-14T10:08:56.958534" elapsed="0.000124"/>
</kw>
<kw name="Create List" owner="BuiltIn">
<msg time="2025-01-14T10:08:56.958816" level="INFO">@{LIST_19} = [ 01 | 10 | 21 | 22 | 39 | 48 ]</msg>
<var>@{LIST_19}</var>
<arg>01</arg>
<arg>10</arg>
<arg>21</arg>
<arg>22</arg>
<arg>39</arg>
<arg>48</arg>
<doc>Returns a list containing given items.</doc>
<status status="PASS" start="2025-01-14T10:08:56.958727" elapsed="0.000107"/>
</kw>
<kw name="Create List" owner="BuiltIn">
<msg time="2025-01-14T10:08:56.958969" level="INFO">@{LIST_20} = [ 01 | 10 | 25 | 40 | 54 | 60 ]</msg>
<var>@{LIST_20}</var>
<arg>01</arg>
<arg>10</arg>
<arg>25</arg>
<arg>40</arg>
<arg>54</arg>
<arg>60</arg>
<doc>Returns a list containing given items.</doc>
<status status="PASS" start="2025-01-14T10:08:56.958893" elapsed="0.000089"/>
</kw>
<kw name="Create List" owner="BuiltIn">
<msg time="2025-01-14T10:08:56.959147" level="INFO">@{LIST_21} = [ 01 | 11 | 12 | 27 | 38 | 56 ]</msg>
<var>@{LIST_21}</var>
<arg>01</arg>
<arg>11</arg>
<arg>12</arg>
<arg>27</arg>
<arg>38</arg>
<arg>56</arg>
<doc>Returns a list containing given items.</doc>
<status status="PASS" start="2025-01-14T10:08:56.959058" elapsed="0.000105"/>
</kw>
<kw name="Create List" owner="BuiltIn">
<msg time="2025-01-14T10:08:56.959306" level="INFO">@{LIST_22} = [ 01 | 12 | 13 | 34 | 42 | 49 ]</msg>
<var>@{LIST_22}</var>
<arg>01</arg>
<arg>12</arg>
<arg>13</arg>
<arg>34</arg>
<arg>42</arg>
<arg>49</arg>
<doc>Returns a list containing given items.</doc>
<status status="PASS" start="2025-01-14T10:08:56.959227" elapsed="0.000093"/>
</kw>
<kw name="Create List" owner="BuiltIn">
<msg time="2025-01-14T10:08:56.959478" level="INFO">@{LIST_23} = [ 01 | 12 | 16 | 27 | 29 | 37 ]</msg>
<var>@{LIST_23}</var>
<arg>01</arg>
<arg>12</arg>
<arg>16</arg>
<arg>27</arg>
<arg>29</arg>
<arg>37</arg>
<doc>Returns a list containing given items.</doc>
<status status="PASS" start="2025-01-14T10:08:56.959377" elapsed="0.000121"/>
</kw>
<kw name="Create List" owner="BuiltIn">
<msg time="2025-01-14T10:08:56.959754" level="INFO">@{LIST_24} = [ 01 | 12 | 17 | 23 | 27 | 43 ]</msg>
<var>@{LIST_24}</var>
<arg>01</arg>
<arg>12</arg>
<arg>17</arg>
<arg>23</arg>
<arg>27</arg>
<arg>43</arg>
<doc>Returns a list containing given items.</doc>
<status status="PASS" start="2025-01-14T10:08:56.959590" elapsed="0.000197"/>
</kw>
<kw name="Create List" owner="BuiltIn">
<msg time="2025-01-14T10:08:56.960106" level="INFO">@{LIST_25} = [ 01 | 13 | 22 | 24 | 25 | 26 ]</msg>
<var>@{LIST_25}</var>
<arg>01</arg>
<arg>13</arg>
<arg>22</arg>
<arg>24</arg>
<arg>25</arg>
<arg>26</arg>
<doc>Returns a list containing given items.</doc>
<status status="PASS" start="2025-01-14T10:08:56.959935" elapsed="0.000203"/>
</kw>
<kw name="Create List" owner="BuiltIn">
<msg time="2025-01-14T10:08:56.960697" level="INFO">@{LIST_NUMBERS} = [ ['01', '02', '03', '07', '19', '42'] | ['01', '02', '07', '15', '23', '39'] | ['01', '02', '26', '38', '42', '48'] | ['01', '02', '32', '45', '48', '57'] | ['01', '04', '05', '25', '36', '57'] | ['0...</msg>
<var>@{LIST_NUMBERS}</var>
<arg>${LIST_1}</arg>
<arg>${LIST_2}</arg>
<arg>${LIST_3}</arg>
<arg>${LIST_4}</arg>
<arg>${LIST_5}</arg>
<arg>${LIST_6}</arg>
<arg>${LIST_7}</arg>
<arg>${LIST_8}</arg>
<arg>${LIST_9}</arg>
<arg>${LIST_10}</arg>
<arg>${LIST_11}</arg>
<arg>${LIST_12}</arg>
<arg>${LIST_13}</arg>
<arg>${LIST_14}</arg>
<arg>${LIST_15}</arg>
<arg>${LIST_16}</arg>
<arg>${LIST_17}</arg>
<arg>${LIST_18}</arg>
<arg>${LIST_19}</arg>
<arg>${LIST_20}</arg>
<arg>${LIST_21}</arg>
<arg>${LIST_22}</arg>
<arg>${LIST_23}</arg>
<arg>${LIST_24}</arg>
<arg>${LIST_25}</arg>
<doc>Returns a list containing given items.</doc>
<status status="PASS" start="2025-01-14T10:08:56.960255" elapsed="0.000462"/>
</kw>
<for flavor="IN">
<iter>
<for flavor="IN">
<iter>
<kw name="Click Element" owner="SeleniumLibrary">
<msg time="2025-01-14T10:08:56.961426" level="INFO">Clicking element 'id=n01'.</msg>
<arg>locator=id=n${NUMBER}</arg>
<doc>Click the element identified by ``locator``.</doc>
<status status="PASS" start="2025-01-14T10:08:56.961264" elapsed="0.168830"/>
</kw>
<var name="${NUMBER}">01</var>
<status status="PASS" start="2025-01-14T10:08:56.961182" elapsed="0.168992"/>
</iter>
<iter>
<kw name="Click Element" owner="SeleniumLibrary">
<msg time="2025-01-14T10:08:57.130583" level="INFO">Clicking element 'id=n02'.</msg>
<arg>locator=id=n${NUMBER}</arg>
<doc>Click the element identified by ``locator``.</doc>
<status status="PASS" start="2025-01-14T10:08:57.130397" elapsed="0.176331"/>
</kw>
<var name="${NUMBER}">02</var>
<status status="PASS" start="2025-01-14T10:08:57.130299" elapsed="0.176700"/>
</iter>
<iter>
<kw name="Click Element" owner="SeleniumLibrary">
<msg time="2025-01-14T10:08:57.307956" level="INFO">Clicking element 'id=n03'.</msg>
<arg>locator=id=n${NUMBER}</arg>
<doc>Click the element identified by ``locator``.</doc>
<status status="PASS" start="2025-01-14T10:08:57.307689" elapsed="0.072019"/>
</kw>
<var name="${NUMBER}">03</var>
<status status="PASS" start="2025-01-14T10:08:57.307553" elapsed="0.072351"/>
</iter>
<iter>
<kw name="Click Element" owner="SeleniumLibrary">
<msg time="2025-01-14T10:08:57.381082" level="INFO">Clicking element 'id=n07'.</msg>
<arg>locator=id=n${NUMBER}</arg>
<doc>Click the element identified by ``locator``.</doc>
<status status="PASS" start="2025-01-14T10:08:57.380517" elapsed="0.134095"/>
</kw>
<var name="${NUMBER}">07</var>
<status status="PASS" start="2025-01-14T10:08:57.380242" elapsed="0.134552"/>
</iter>
<iter>
<kw name="Click Element" owner="SeleniumLibrary">
<msg time="2025-01-14T10:08:57.515651" level="INFO">Clicking element 'id=n19'.</msg>
<arg>locator=id=n${NUMBER}</arg>
<doc>Click the element identified by ``locator``.</doc>
<status status="PASS" start="2025-01-14T10:08:57.515217" elapsed="0.102000"/>
</kw>
<var name="${NUMBER}">19</var>
<status status="PASS" start="2025-01-14T10:08:57.515024" elapsed="0.102313"/>
</iter>
<iter>
<kw name="Click Element" owner="SeleniumLibrary">
<msg time="2025-01-14T10:08:57.617930" level="INFO">Clicking element 'id=n42'.</msg>
<arg>locator=id=n${NUMBER}</arg>
<doc>Click the element identified by ``locator``.</doc>
<status status="PASS" start="2025-01-14T10:08:57.617600" elapsed="0.135003"/>
</kw>
<var name="${NUMBER}">42</var>
<status status="PASS" start="2025-01-14T10:08:57.617475" elapsed="0.135717"/>
</iter>
<var>${NUMBER}</var>
<value>@{NUMBERS}</value>
<status status="PASS" start="2025-01-14T10:08:56.961097" elapsed="0.792420"/>
</for>
<kw name="Add to cart" owner="resources">
<kw name="Click Element" owner="SeleniumLibrary">
<msg time="2025-01-14T10:08:57.756125" level="INFO">Clicking element 'id=colocarnocarrinho'.</msg>
<arg>locator=${ELEMENT_ADD_TO_CART_LOCATOR}</arg>
<doc>Click the element identified by ``locator``.</doc>
<status status="PASS" start="2025-01-14T10:08:57.755261" elapsed="0.224498"/>
</kw>
<status status="PASS" start="2025-01-14T10:08:57.754173" elapsed="0.225686"/>
</kw>
<var name="${NUMBERS}">['01', '02', '03', '07', '19', '42']</var>
<status status="PASS" start="2025-01-14T10:08:56.961045" elapsed="1.018844"/>
</iter>
<iter>
<for flavor="IN">
<iter>
<kw name="Click Element" owner="SeleniumLibrary">
<msg time="2025-01-14T10:08:57.980436" level="INFO">Clicking element 'id=n01'.</msg>
<arg>locator=id=n${NUMBER}</arg>
<doc>Click the element identified by ``locator``.</doc>
<status status="PASS" start="2025-01-14T10:08:57.980257" elapsed="0.072401"/>
</kw>
<var name="${NUMBER}">01</var>
<status status="PASS" start="2025-01-14T10:08:57.980172" elapsed="0.072798"/>
</iter>
<iter>
<kw name="Click Element" owner="SeleniumLibrary">
<msg time="2025-01-14T10:08:58.054255" level="INFO">Clicking element 'id=n02'.</msg>
<arg>locator=id=n${NUMBER}</arg>
<doc>Click the element identified by ``locator``.</doc>
<status status="PASS" start="2025-01-14T10:08:58.053468" elapsed="0.119567"/>
</kw>
<var name="${NUMBER}">02</var>
<status status="PASS" start="2025-01-14T10:08:58.053185" elapsed="0.119967"/>
</iter>
<iter>
<kw name="Click Element" owner="SeleniumLibrary">
<msg time="2025-01-14T10:08:58.173629" level="INFO">Clicking element 'id=n07'.</msg>
<arg>locator=id=n${NUMBER}</arg>
<doc>Click the element identified by ``locator``.</doc>
<status status="PASS" start="2025-01-14T10:08:58.173408" elapsed="0.179322"/>
</kw>
<var name="${NUMBER}">07</var>
<status status="PASS" start="2025-01-14T10:08:58.173283" elapsed="0.179538"/>
</iter>
<iter>
<kw name="Click Element" owner="SeleniumLibrary">
<msg time="2025-01-14T10:08:58.354013" level="INFO">Clicking element 'id=n15'.</msg>
<arg>locator=id=n${NUMBER}</arg>
<doc>Click the element identified by ``locator``.</doc>
<status status="PASS" start="2025-01-14T10:08:58.353241" elapsed="0.127503"/>
</kw>
<var name="${NUMBER}">15</var>
<status status="PASS" start="2025-01-14T10:08:58.353032" elapsed="0.127850"/>
</iter>
<iter>
<kw name="Click Element" owner="SeleniumLibrary">
<msg time="2025-01-14T10:08:58.481532" level="INFO">Clicking element 'id=n23'.</msg>
<arg>locator=id=n${NUMBER}</arg>
<doc>Click the element identified by ``locator``.</doc>
<status status="PASS" start="2025-01-14T10:08:58.481227" elapsed="0.154613"/>
</kw>
<var name="${NUMBER}">23</var>
<status status="PASS" start="2025-01-14T10:08:58.481085" elapsed="0.155003"/>
</iter>
<iter>
<kw name="Click Element" owner="SeleniumLibrary">
<msg time="2025-01-14T10:08:58.637509" level="INFO">Clicking element 'id=n39'.</msg>
<arg>locator=id=n${NUMBER}</arg>
<doc>Click the element identified by ``locator``.</doc>
<status status="PASS" start="2025-01-14T10:08:58.636788" elapsed="0.130415"/>
</kw>
<var name="${NUMBER}">39</var>
<status status="PASS" start="2025-01-14T10:08:58.636402" elapsed="0.131275"/>
</iter>
<var>${NUMBER}</var>
<value>@{NUMBERS}</value>
<status status="PASS" start="2025-01-14T10:08:57.980068" elapsed="0.787771"/>
</for>
<kw name="Add to cart" owner="resources">
<kw name="Click Element" owner="SeleniumLibrary">
<msg time="2025-01-14T10:08:58.769886" level="INFO">Clicking element 'id=colocarnocarrinho'.</msg>
<arg>locator=${ELEMENT_ADD_TO_CART_LOCATOR}</arg>
<doc>Click the element identified by ``locator``.</doc>
<status status="PASS" start="2025-01-14T10:08:58.769389" elapsed="0.123462"/>
</kw>
<status status="PASS" start="2025-01-14T10:08:58.768487" elapsed="0.124464"/>
</kw>
<var name="${NUMBERS}">['01', '02', '07', '15', '23', '39']</var>
<status status="PASS" start="2025-01-14T10:08:57.980032" elapsed="0.912950"/>
</iter>
<iter>
<for flavor="IN">
<iter>
<kw name="Click Element" owner="SeleniumLibrary">
<msg time="2025-01-14T10:08:58.893528" level="INFO">Clicking element 'id=n01'.</msg>
<arg>locator=id=n${NUMBER}</arg>
<doc>Click the element identified by ``locator``.</doc>
<status status="PASS" start="2025-01-14T10:08:58.893355" elapsed="0.148282"/>
</kw>
<var name="${NUMBER}">01</var>
<status status="PASS" start="2025-01-14T10:08:58.893267" elapsed="0.148856"/>
</iter>
<iter>
<kw name="Click Element" owner="SeleniumLibrary">
<msg time="2025-01-14T10:08:59.043467" level="INFO">Clicking element 'id=n02'.</msg>
<arg>locator=id=n${NUMBER}</arg>
<doc>Click the element identified by ``locator``.</doc>
<status status="PASS" start="2025-01-14T10:08:59.042839" elapsed="0.149694"/>
</kw>
<var name="${NUMBER}">02</var>
<status status="PASS" start="2025-01-14T10:08:59.042471" elapsed="0.150310"/>
</iter>
<iter>
<kw name="Click Element" owner="SeleniumLibrary">
<msg time="2025-01-14T10:08:59.193756" level="INFO">Clicking element 'id=n26'.</msg>
<arg>locator=id=n${NUMBER}</arg>
<doc>Click the element identified by ``locator``.</doc>
<status status="PASS" start="2025-01-14T10:08:59.193209" elapsed="0.171872"/>
</kw>
<var name="${NUMBER}">26</var>
<status status="PASS" start="2025-01-14T10:08:59.193070" elapsed="0.172247"/>
</iter>
<iter>
<kw name="Click Element" owner="SeleniumLibrary">
<msg time="2025-01-14T10:08:59.365802" level="INFO">Clicking element 'id=n38'.</msg>
<arg>locator=id=n${NUMBER}</arg>
<doc>Click the element identified by ``locator``.</doc>
<status status="PASS" start="2025-01-14T10:08:59.365571" elapsed="0.140348"/>
</kw>
<var name="${NUMBER}">38</var>
<status status="PASS" start="2025-01-14T10:08:59.365455" elapsed="0.140767"/>
</iter>
<iter>
<kw name="Click Element" owner="SeleniumLibrary">
<msg time="2025-01-14T10:08:59.507416" level="INFO">Clicking element 'id=n42'.</msg>
<arg>locator=id=n${NUMBER}</arg>
<doc>Click the element identified by ``locator``.</doc>
<status status="PASS" start="2025-01-14T10:08:59.506996" elapsed="0.076350"/>
</kw>
<var name="${NUMBER}">42</var>
<status status="PASS" start="2025-01-14T10:08:59.506638" elapsed="0.076823"/>
</iter>
<iter>
<kw name="Click Element" owner="SeleniumLibrary">
<msg time="2025-01-14T10:08:59.584925" level="INFO">Clicking element 'id=n48'.</msg>
<arg>locator=id=n${NUMBER}</arg>
<doc>Click the element identified by ``locator``.</doc>
<status status="PASS" start="2025-01-14T10:08:59.583898" elapsed="0.112334"/>
</kw>
<var name="${NUMBER}">48</var>
<status status="PASS" start="2025-01-14T10:08:59.583661" elapsed="0.112702"/>
</iter>
<var>${NUMBER}</var>
<value>@{NUMBERS}</value>
<status status="PASS" start="2025-01-14T10:08:58.893165" elapsed="0.803274"/>
</for>
<kw name="Add to cart" owner="resources">
<kw name="Click Element" owner="SeleniumLibrary">
<msg time="2025-01-14T10:08:59.697748" level="INFO">Clicking element 'id=colocarnocarrinho'.</msg>
<arg>locator=${ELEMENT_ADD_TO_CART_LOCATOR}</arg>
<doc>Click the element identified by ``locator``.</doc>
<status status="PASS" start="2025-01-14T10:08:59.697107" elapsed="0.173321"/>
</kw>
<status status="PASS" start="2025-01-14T10:08:59.696728" elapsed="0.174041"/>
</kw>
<var name="${NUMBERS}">['01', '02', '26', '38', '42', '48']</var>
<status status="PASS" start="2025-01-14T10:08:58.893131" elapsed="0.977698"/>
</iter>
<iter>
<for flavor="IN">
<iter>
<kw name="Click Element" owner="SeleniumLibrary">
<msg time="2025-01-14T10:08:59.872394" level="INFO">Clicking element 'id=n01'.</msg>
<arg>locator=id=n${NUMBER}</arg>
<doc>Click the element identified by ``locator``.</doc>
<status status="PASS" start="2025-01-14T10:08:59.872103" elapsed="0.071620"/>
</kw>
<var name="${NUMBER}">01</var>
<status status="PASS" start="2025-01-14T10:08:59.871954" elapsed="0.071864"/>
</iter>
<iter>
<kw name="Click Element" owner="SeleniumLibrary">
<msg time="2025-01-14T10:08:59.944361" level="INFO">Clicking element 'id=n02'.</msg>
<arg>locator=id=n${NUMBER}</arg>
<doc>Click the element identified by ``locator``.</doc>
<status status="PASS" start="2025-01-14T10:08:59.944099" elapsed="0.072044"/>
</kw>
<var name="${NUMBER}">02</var>
<status status="PASS" start="2025-01-14T10:08:59.943956" elapsed="0.072266"/>
</iter>
<iter>
<kw name="Click Element" owner="SeleniumLibrary">
<msg time="2025-01-14T10:09:00.016611" level="INFO">Clicking element 'id=n32'.</msg>
<arg>locator=id=n${NUMBER}</arg>
<doc>Click the element identified by ``locator``.</doc>
<status status="PASS" start="2025-01-14T10:09:00.016423" elapsed="0.056207"/>
</kw>
<var name="${NUMBER}">32</var>
<status status="PASS" start="2025-01-14T10:09:00.016332" elapsed="0.056384"/>
</iter>
<iter>
<kw name="Click Element" owner="SeleniumLibrary">
<msg time="2025-01-14T10:09:00.073151" level="INFO">Clicking element 'id=n45'.</msg>
<arg>locator=id=n${NUMBER}</arg>
<doc>Click the element identified by ``locator``.</doc>
<status status="PASS" start="2025-01-14T10:09:00.072935" elapsed="0.070695"/>
</kw>
<var name="${NUMBER}">45</var>
<status status="PASS" start="2025-01-14T10:09:00.072836" elapsed="0.071263"/>
</iter>
<iter>
<kw name="Click Element" owner="SeleniumLibrary">
<msg time="2025-01-14T10:09:00.145550" level="INFO">Clicking element 'id=n48'.</msg>
<arg>locator=id=n${NUMBER}</arg>
<doc>Click the element identified by ``locator``.</doc>
<status status="PASS" start="2025-01-14T10:09:00.144868" elapsed="0.064903"/>
</kw>
<var name="${NUMBER}">48</var>
<status status="PASS" start="2025-01-14T10:09:00.144527" elapsed="0.065378"/>
</iter>
<iter>
<kw name="Click Element" owner="SeleniumLibrary">
<msg time="2025-01-14T10:09:00.211134" level="INFO">Clicking element 'id=n57'.</msg>
<arg>locator=id=n${NUMBER}</arg>
<doc>Click the element identified by ``locator``.</doc>
<status status="PASS" start="2025-01-14T10:09:00.210389" elapsed="0.079211"/>
</kw>
<var name="${NUMBER}">57</var>
<status status="PASS" start="2025-01-14T10:09:00.210148" elapsed="0.079841"/>
</iter>
<var>${NUMBER}</var>
<value>@{NUMBERS}</value>
<status status="PASS" start="2025-01-14T10:08:59.871602" elapsed="0.418555"/>
</for>
<kw name="Add to cart" owner="resources">
<kw name="Click Element" owner="SeleniumLibrary">
<msg time="2025-01-14T10:09:00.292237" level="INFO">Clicking element 'id=colocarnocarrinho'.</msg>
<arg>locator=${ELEMENT_ADD_TO_CART_LOCATOR}</arg>
<doc>Click the element identified by ``locator``.</doc>
<status status="PASS" start="2025-01-14T10:09:00.291670" elapsed="0.128680"/>
</kw>
<status status="PASS" start="2025-01-14T10:09:00.290776" elapsed="0.129847"/>
</kw>
<var name="${NUMBERS}">['01', '02', '32', '45', '48', '57']</var>
<status status="PASS" start="2025-01-14T10:08:59.871438" elapsed="0.549247"/>
</iter>
<iter>
<for flavor="IN">
<iter>
<kw name="Click Element" owner="SeleniumLibrary">
<msg time="2025-01-14T10:09:00.422026" level="INFO">Clicking element 'id=n01'.</msg>
<arg>locator=id=n${NUMBER}</arg>
<doc>Click the element identified by ``locator``.</doc>
<status status="PASS" start="2025-01-14T10:09:00.421837" elapsed="0.112838"/>
</kw>
<var name="${NUMBER}">01</var>
<status status="PASS" start="2025-01-14T10:09:00.421517" elapsed="0.113268"/>
</iter>
<iter>
<kw name="Click Element" owner="SeleniumLibrary">
<msg time="2025-01-14T10:09:00.535389" level="INFO">Clicking element 'id=n04'.</msg>
<arg>locator=id=n${NUMBER}</arg>
<doc>Click the element identified by ``locator``.</doc>
<status status="PASS" start="2025-01-14T10:09:00.535103" elapsed="0.117055"/>
</kw>
<var name="${NUMBER}">04</var>
<status status="PASS" start="2025-01-14T10:09:00.534949" elapsed="0.117857"/>
</iter>
<iter>
<kw name="Click Element" owner="SeleniumLibrary">
<msg time="2025-01-14T10:09:00.654766" level="INFO">Clicking element 'id=n05'.</msg>
<arg>locator=id=n${NUMBER}</arg>
<doc>Click the element identified by ``locator``.</doc>
<status status="PASS" start="2025-01-14T10:09:00.653791" elapsed="0.152969"/>
</kw>
<var name="${NUMBER}">05</var>
<status status="PASS" start="2025-01-14T10:09:00.653309" elapsed="0.153525"/>
</iter>
<iter>
<kw name="Click Element" owner="SeleniumLibrary">
<msg time="2025-01-14T10:09:00.807748" level="INFO">Clicking element 'id=n25'.</msg>
<arg>locator=id=n${NUMBER}</arg>
<doc>Click the element identified by ``locator``.</doc>
<status status="PASS" start="2025-01-14T10:09:00.807060" elapsed="0.155294"/>
</kw>
<var name="${NUMBER}">25</var>
<status status="PASS" start="2025-01-14T10:09:00.806943" elapsed="0.155766"/>
</iter>
<iter>
<kw name="Click Element" owner="SeleniumLibrary">
<msg time="2025-01-14T10:09:00.963983" level="INFO">Clicking element 'id=n36'.</msg>
<arg>locator=id=n${NUMBER}</arg>
<doc>Click the element identified by ``locator``.</doc>
<status status="PASS" start="2025-01-14T10:09:00.963418" elapsed="0.166396"/>
</kw>
<var name="${NUMBER}">36</var>
<status status="PASS" start="2025-01-14T10:09:00.963102" elapsed="0.166829"/>
</iter>
<iter>
<kw name="Click Element" owner="SeleniumLibrary">
<msg time="2025-01-14T10:09:01.131661" level="INFO">Clicking element 'id=n57'.</msg>
<arg>locator=id=n${NUMBER}</arg>
<doc>Click the element identified by ``locator``.</doc>
<status status="PASS" start="2025-01-14T10:09:01.130684" elapsed="0.126662"/>
</kw>
<var name="${NUMBER}">57</var>
<status status="PASS" start="2025-01-14T10:09:01.130128" elapsed="0.127744"/>
</iter>
<var>${NUMBER}</var>
<value>@{NUMBERS}</value>
<status status="PASS" start="2025-01-14T10:09:00.421302" elapsed="0.836792"/>
</for>
<kw name="Add to cart" owner="resources">
<kw name="Click Element" owner="SeleniumLibrary">
<msg time="2025-01-14T10:09:01.261069" level="INFO">Clicking element 'id=colocarnocarrinho'.</msg>
<arg>locator=${ELEMENT_ADD_TO_CART_LOCATOR}</arg>
<doc>Click the element identified by ``locator``.</doc>
<status status="PASS" start="2025-01-14T10:09:01.259758" elapsed="0.139995"/>
</kw>
<status status="PASS" start="2025-01-14T10:09:01.258572" elapsed="0.141556"/>
</kw>
<var name="${NUMBERS}">['01', '04', '05', '25', '36', '57']</var>
<status status="PASS" start="2025-01-14T10:09:00.421183" elapsed="0.978998"/>
</iter>
<iter>
<for flavor="IN">
<iter>
<kw name="Click Element" owner="SeleniumLibrary">
<msg time="2025-01-14T10:09:01.401469" level="INFO">Clicking element 'id=n01'.</msg>
<arg>locator=id=n${NUMBER}</arg>
<doc>Click the element identified by ``locator``.</doc>
<status status="PASS" start="2025-01-14T10:09:01.401071" elapsed="0.067129"/>
</kw>
<var name="${NUMBER}">01</var>
<status status="PASS" start="2025-01-14T10:09:01.400828" elapsed="0.067447"/>
</iter>
<iter>
<kw name="Click Element" owner="SeleniumLibrary">
<msg time="2025-01-14T10:09:01.468686" level="INFO">Clicking element 'id=n04'.</msg>
<arg>locator=id=n${NUMBER}</arg>
<doc>Click the element identified by ``locator``.</doc>
<status status="PASS" start="2025-01-14T10:09:01.468489" elapsed="0.091582"/>
</kw>
<var name="${NUMBER}">04</var>
<status status="PASS" start="2025-01-14T10:09:01.468390" elapsed="0.091948"/>
</iter>
<iter>
<kw name="Click Element" owner="SeleniumLibrary">
<msg time="2025-01-14T10:09:01.561334" level="INFO">Clicking element 'id=n15'.</msg>
<arg>locator=id=n${NUMBER}</arg>
<doc>Click the element identified by ``locator``.</doc>
<status status="PASS" start="2025-01-14T10:09:01.560713" elapsed="0.130373"/>
</kw>
<var name="${NUMBER}">15</var>
<status status="PASS" start="2025-01-14T10:09:01.560553" elapsed="0.130680"/>
</iter>
<iter>
<kw name="Click Element" owner="SeleniumLibrary">
<msg time="2025-01-14T10:09:01.692612" level="INFO">Clicking element 'id=n22'.</msg>
<arg>locator=id=n${NUMBER}</arg>
<doc>Click the element identified by ``locator``.</doc>
<status status="PASS" start="2025-01-14T10:09:01.691951" elapsed="0.104631"/>
</kw>
<var name="${NUMBER}">22</var>
<status status="PASS" start="2025-01-14T10:09:01.691598" elapsed="0.105188"/>
</iter>
<iter>
<kw name="Click Element" owner="SeleniumLibrary">
<msg time="2025-01-14T10:09:01.797909" level="INFO">Clicking element 'id=n41'.</msg>
<arg>locator=id=n${NUMBER}</arg>
<doc>Click the element identified by ``locator``.</doc>
<status status="PASS" start="2025-01-14T10:09:01.797348" elapsed="0.116230"/>
</kw>
<var name="${NUMBER}">41</var>
<status status="PASS" start="2025-01-14T10:09:01.797118" elapsed="0.116568"/>
</iter>
<iter>
<kw name="Click Element" owner="SeleniumLibrary">
<msg time="2025-01-14T10:09:01.914645" level="INFO">Clicking element 'id=n53'.</msg>
<arg>locator=id=n${NUMBER}</arg>
<doc>Click the element identified by ``locator``.</doc>
<status status="PASS" start="2025-01-14T10:09:01.914114" elapsed="0.082362"/>
</kw>
<var name="${NUMBER}">53</var>
<status status="PASS" start="2025-01-14T10:09:01.913848" elapsed="0.082751"/>
</iter>
<var>${NUMBER}</var>
<value>@{NUMBERS}</value>
<status status="PASS" start="2025-01-14T10:09:01.400640" elapsed="0.596001"/>
</for>
<kw name="Add to cart" owner="resources">
<kw name="Click Element" owner="SeleniumLibrary">
<msg time="2025-01-14T10:09:01.997218" level="INFO">Clicking element 'id=colocarnocarrinho'.</msg>
<arg>locator=${ELEMENT_ADD_TO_CART_LOCATOR}</arg>
<doc>Click the element identified by ``locator``.</doc>
<status status="PASS" start="2025-01-14T10:09:01.997039" elapsed="0.080578"/>
</kw>
<status status="PASS" start="2025-01-14T10:09:01.996818" elapsed="0.080938"/>
</kw>
<var name="${NUMBERS}">['01', '04', '15', '22', '41', '53']</var>
<status status="PASS" start="2025-01-14T10:09:01.400555" elapsed="0.677249"/>
</iter>
<iter>
<for flavor="IN">
<iter>
<kw name="Click Element" owner="SeleniumLibrary">
<msg time="2025-01-14T10:09:02.078484" level="INFO">Clicking element 'id=n01'.</msg>
<arg>locator=id=n${NUMBER}</arg>
<doc>Click the element identified by ``locator``.</doc>
<status status="PASS" start="2025-01-14T10:09:02.078314" elapsed="0.103532"/>
</kw>
<var name="${NUMBER}">01</var>
<status status="PASS" start="2025-01-14T10:09:02.078220" elapsed="0.103726"/>
</iter>
<iter>
<kw name="Click Element" owner="SeleniumLibrary">
<msg time="2025-01-14T10:09:02.182496" level="INFO">Clicking element 'id=n04'.</msg>
<arg>locator=id=n${NUMBER}</arg>
<doc>Click the element identified by ``locator``.</doc>
<status status="PASS" start="2025-01-14T10:09:02.182252" elapsed="0.128425"/>
</kw>
<var name="${NUMBER}">04</var>
<status status="PASS" start="2025-01-14T10:09:02.182109" elapsed="0.128702"/>
</iter>
<iter>
<kw name="Click Element" owner="SeleniumLibrary">
<msg time="2025-01-14T10:09:02.312251" level="INFO">Clicking element 'id=n33'.</msg>
<arg>locator=id=n${NUMBER}</arg>
<doc>Click the element identified by ``locator``.</doc>
<status status="PASS" start="2025-01-14T10:09:02.311300" elapsed="0.120108"/>
</kw>
<var name="${NUMBER}">33</var>
<status status="PASS" start="2025-01-14T10:09:02.310997" elapsed="0.120506"/>
</iter>
<iter>
<kw name="Click Element" owner="SeleniumLibrary">
<msg time="2025-01-14T10:09:02.432816" level="INFO">Clicking element 'id=n40'.</msg>
<arg>locator=id=n${NUMBER}</arg>
<doc>Click the element identified by ``locator``.</doc>
<status status="PASS" start="2025-01-14T10:09:02.431921" elapsed="0.135459"/>
</kw>
<var name="${NUMBER}">40</var>
<status status="PASS" start="2025-01-14T10:09:02.431671" elapsed="0.135804"/>
</iter>
<iter>
<kw name="Click Element" owner="SeleniumLibrary">
<msg time="2025-01-14T10:09:02.568413" level="INFO">Clicking element 'id=n44'.</msg>
<arg>locator=id=n${NUMBER}</arg>
<doc>Click the element identified by ``locator``.</doc>
<status status="PASS" start="2025-01-14T10:09:02.567804" elapsed="0.102117"/>
</kw>
<var name="${NUMBER}">44</var>
<status status="PASS" start="2025-01-14T10:09:02.567625" elapsed="0.102372"/>
</iter>
<iter>
<kw name="Click Element" owner="SeleniumLibrary">
<msg time="2025-01-14T10:09:02.670444" level="INFO">Clicking element 'id=n56'.</msg>
<arg>locator=id=n${NUMBER}</arg>
<doc>Click the element identified by ``locator``.</doc>
<status status="PASS" start="2025-01-14T10:09:02.670226" elapsed="0.102909"/>
</kw>
<var name="${NUMBER}">56</var>
<status status="PASS" start="2025-01-14T10:09:02.670120" elapsed="0.103128"/>
</iter>
<var>${NUMBER}</var>
<value>@{NUMBERS}</value>
<status status="PASS" start="2025-01-14T10:09:02.078089" elapsed="0.695200"/>
</for>
<kw name="Add to cart" owner="resources">
<kw name="Click Element" owner="SeleniumLibrary">
<msg time="2025-01-14T10:09:02.773894" level="INFO">Clicking element 'id=colocarnocarrinho'.</msg>
<arg>locator=${ELEMENT_ADD_TO_CART_LOCATOR}</arg>
<doc>Click the element identified by ``locator``.</doc>
<status status="PASS" start="2025-01-14T10:09:02.773720" elapsed="0.151957"/>
</kw>
<status status="PASS" start="2025-01-14T10:09:02.773490" elapsed="0.152300"/>
</kw>
<var name="${NUMBERS}">['01', '04', '33', '40', '44', '56']</var>
<status status="PASS" start="2025-01-14T10:09:02.077989" elapsed="0.847827"/>
</iter>
<iter>
<for flavor="IN">
<iter>
<kw name="Click Element" owner="SeleniumLibrary">
<msg time="2025-01-14T10:09:02.926351" level="INFO">Clicking element 'id=n01'.</msg>
<arg>locator=id=n${NUMBER}</arg>
<doc>Click the element identified by ``locator``.</doc>
<status status="PASS" start="2025-01-14T10:09:02.926180" elapsed="0.064458"/>
</kw>
<var name="${NUMBER}">01</var>
<status status="PASS" start="2025-01-14T10:09:02.926091" elapsed="0.064647"/>
</iter>
<iter>
<kw name="Click Element" owner="SeleniumLibrary">
<msg time="2025-01-14T10:09:02.991896" level="INFO">Clicking element 'id=n05'.</msg>
<arg>locator=id=n${NUMBER}</arg>
<doc>Click the element identified by ``locator``.</doc>
<status status="PASS" start="2025-01-14T10:09:02.991162" elapsed="0.105782"/>
</kw>
<var name="${NUMBER}">05</var>
<status status="PASS" start="2025-01-14T10:09:02.990947" elapsed="0.106089"/>
</iter>
<iter>
<kw name="Click Element" owner="SeleniumLibrary">
<msg time="2025-01-14T10:09:03.097453" level="INFO">Clicking element 'id=n06'.</msg>
<arg>locator=id=n${NUMBER}</arg>
<doc>Click the element identified by ``locator``.</doc>
<status status="PASS" start="2025-01-14T10:09:03.097249" elapsed="0.064950"/>
</kw>
<var name="${NUMBER}">06</var>
<status status="PASS" start="2025-01-14T10:09:03.097148" elapsed="0.065148"/>
</iter>
<iter>
<kw name="Click Element" owner="SeleniumLibrary">
<msg time="2025-01-14T10:09:03.162779" level="INFO">Clicking element 'id=n10'.</msg>
<arg>locator=id=n${NUMBER}</arg>
<doc>Click the element identified by ``locator``.</doc>
<status status="PASS" start="2025-01-14T10:09:03.162553" elapsed="0.055056"/>
</kw>
<var name="${NUMBER}">10</var>
<status status="PASS" start="2025-01-14T10:09:03.162435" elapsed="0.055273"/>
</iter>
<iter>
<kw name="Click Element" owner="SeleniumLibrary">
<msg time="2025-01-14T10:09:03.218210" level="INFO">Clicking element 'id=n30'.</msg>
<arg>locator=id=n${NUMBER}</arg>
<doc>Click the element identified by ``locator``.</doc>
<status status="PASS" start="2025-01-14T10:09:03.217966" elapsed="0.057718"/>
</kw>
<var name="${NUMBER}">30</var>
<status status="PASS" start="2025-01-14T10:09:03.217845" elapsed="0.057961"/>
</iter>
<iter>
<kw name="Click Element" owner="SeleniumLibrary">
<msg time="2025-01-14T10:09:03.277161" level="INFO">Clicking element 'id=n32'.</msg>
<arg>locator=id=n${NUMBER}</arg>
<doc>Click the element identified by ``locator``.</doc>
<status status="PASS" start="2025-01-14T10:09:03.276608" elapsed="0.065553"/>
</kw>
<var name="${NUMBER}">32</var>
<status status="PASS" start="2025-01-14T10:09:03.276136" elapsed="0.066133"/>
</iter>
<var>${NUMBER}</var>
<value>@{NUMBERS}</value>
<status status="PASS" start="2025-01-14T10:09:02.925979" elapsed="0.416351"/>
</for>
<kw name="Add to cart" owner="resources">
<kw name="Click Element" owner="SeleniumLibrary">
<msg time="2025-01-14T10:09:03.343681" level="INFO">Clicking element 'id=colocarnocarrinho'.</msg>
<arg>locator=${ELEMENT_ADD_TO_CART_LOCATOR}</arg>
<doc>Click the element identified by ``locator``.</doc>
<status status="PASS" start="2025-01-14T10:09:03.343107" elapsed="0.106282"/>
</kw>
<status status="PASS" start="2025-01-14T10:09:03.342538" elapsed="0.107336"/>
</kw>
<var name="${NUMBERS}">['01', '05', '06', '10', '30', '32']</var>
<status status="PASS" start="2025-01-14T10:09:02.925943" elapsed="0.524017"/>
</iter>
<iter>
<for flavor="IN">
<iter>
<kw name="Click Element" owner="SeleniumLibrary">
<msg time="2025-01-14T10:09:03.452508" level="INFO">Clicking element 'id=n01'.</msg>
<arg>locator=id=n${NUMBER}</arg>
<doc>Click the element identified by ``locator``.</doc>
<status status="PASS" start="2025-01-14T10:09:03.451143" elapsed="0.072445"/>
</kw>
<var name="${NUMBER}">01</var>
<status status="PASS" start="2025-01-14T10:09:03.450881" elapsed="0.072786"/>
</iter>
<iter>
<kw name="Click Element" owner="SeleniumLibrary">
<msg time="2025-01-14T10:09:03.524151" level="INFO">Clicking element 'id=n05'.</msg>
<arg>locator=id=n${NUMBER}</arg>
<doc>Click the element identified by ``locator``.</doc>
<status status="PASS" start="2025-01-14T10:09:03.523870" elapsed="0.110711"/>
</kw>
<var name="${NUMBER}">05</var>
<status status="PASS" start="2025-01-14T10:09:03.523774" elapsed="0.110889"/>
</iter>
<iter>
<kw name="Click Element" owner="SeleniumLibrary">
<msg time="2025-01-14T10:09:03.635173" level="INFO">Clicking element 'id=n24'.</msg>
<arg>locator=id=n${NUMBER}</arg>
<doc>Click the element identified by ``locator``.</doc>
<status status="PASS" start="2025-01-14T10:09:03.634890" elapsed="0.105067"/>
</kw>
<var name="${NUMBER}">24</var>
<status status="PASS" start="2025-01-14T10:09:03.634785" elapsed="0.105662"/>
</iter>
<iter>
<kw name="Click Element" owner="SeleniumLibrary">
<msg time="2025-01-14T10:09:03.741820" level="INFO">Clicking element 'id=n31'.</msg>
<arg>locator=id=n${NUMBER}</arg>
<doc>Click the element identified by ``locator``.</doc>
<status status="PASS" start="2025-01-14T10:09:03.741210" elapsed="0.129115"/>
</kw>
<var name="${NUMBER}">31</var>
<status status="PASS" start="2025-01-14T10:09:03.740873" elapsed="0.129531"/>
</iter>
<iter>
<kw name="Click Element" owner="SeleniumLibrary">
<msg time="2025-01-14T10:09:03.871615" level="INFO">Clicking element 'id=n51'.</msg>
<arg>locator=id=n${NUMBER}</arg>
<doc>Click the element identified by ``locator``.</doc>
<status status="PASS" start="2025-01-14T10:09:03.870835" elapsed="0.110107"/>
</kw>
<var name="${NUMBER}">51</var>
<status status="PASS" start="2025-01-14T10:09:03.870522" elapsed="0.110520"/>
</iter>
<iter>
<kw name="Click Element" owner="SeleniumLibrary">
<msg time="2025-01-14T10:09:03.981523" level="INFO">Clicking element 'id=n58'.</msg>
<arg>locator=id=n${NUMBER}</arg>
<doc>Click the element identified by ``locator``.</doc>
<status status="PASS" start="2025-01-14T10:09:03.981287" elapsed="0.111909"/>
</kw>
<var name="${NUMBER}">58</var>
<status status="PASS" start="2025-01-14T10:09:03.981174" elapsed="0.112110"/>
</iter>
<var>${NUMBER}</var>
<value>@{NUMBERS}</value>
<status status="PASS" start="2025-01-14T10:09:03.450614" elapsed="0.642718"/>
</for>
<kw name="Add to cart" owner="resources">
<kw name="Click Element" owner="SeleniumLibrary">
<msg time="2025-01-14T10:09:04.094047" level="INFO">Clicking element 'id=colocarnocarrinho'.</msg>
<arg>locator=${ELEMENT_ADD_TO_CART_LOCATOR}</arg>
<doc>Click the element identified by ``locator``.</doc>
<status status="PASS" start="2025-01-14T10:09:04.093819" elapsed="0.083530"/>
</kw>
<status status="PASS" start="2025-01-14T10:09:04.093509" elapsed="0.083954"/>
</kw>
<var name="${NUMBERS}">['01', '05', '24', '31', '51', '58']</var>
<status status="PASS" start="2025-01-14T10:09:03.450468" elapsed="0.727029"/>
</iter>
<iter>
<for flavor="IN">
<iter>
<kw name="Click Element" owner="SeleniumLibrary">
<msg time="2025-01-14T10:09:04.178070" level="INFO">Clicking element 'id=n01'.</msg>
<arg>locator=id=n${NUMBER}</arg>
<doc>Click the element identified by ``locator``.</doc>
<status status="PASS" start="2025-01-14T10:09:04.177880" elapsed="0.111360"/>
</kw>
<var name="${NUMBER}">01</var>
<status status="PASS" start="2025-01-14T10:09:04.177788" elapsed="0.111530"/>
</iter>
<iter>
<kw name="Click Element" owner="SeleniumLibrary">
<msg time="2025-01-14T10:09:04.289737" level="INFO">Clicking element 'id=n07'.</msg>
<arg>locator=id=n${NUMBER}</arg>
<doc>Click the element identified by ``locator``.</doc>
<status status="PASS" start="2025-01-14T10:09:04.289534" elapsed="0.135930"/>
</kw>
<var name="${NUMBER}">07</var>
<status status="PASS" start="2025-01-14T10:09:04.289433" elapsed="0.136796"/>
</iter>
<iter>
<kw name="Click Element" owner="SeleniumLibrary">
<msg time="2025-01-14T10:09:04.429205" level="INFO">Clicking element 'id=n16'.</msg>
<arg>locator=id=n${NUMBER}</arg>
<doc>Click the element identified by ``locator``.</doc>
<status status="PASS" start="2025-01-14T10:09:04.427957" elapsed="0.126842"/>
</kw>
<var name="${NUMBER}">16</var>
<status status="PASS" start="2025-01-14T10:09:04.426893" elapsed="0.128315"/>
</iter>
<iter>
<kw name="Click Element" owner="SeleniumLibrary">
<msg time="2025-01-14T10:09:04.557240" level="INFO">Clicking element 'id=n27'.</msg>
<arg>locator=id=n${NUMBER}</arg>
<doc>Click the element identified by ``locator``.</doc>
<status status="PASS" start="2025-01-14T10:09:04.556532" elapsed="0.082716"/>
</kw>
<var name="${NUMBER}">27</var>
<status status="PASS" start="2025-01-14T10:09:04.555904" elapsed="0.083454"/>
</iter>
<iter>
<kw name="Click Element" owner="SeleniumLibrary">
<msg time="2025-01-14T10:09:04.639887" level="INFO">Clicking element 'id=n29'.</msg>
<arg>locator=id=n${NUMBER}</arg>
<doc>Click the element identified by ``locator``.</doc>
<status status="PASS" start="2025-01-14T10:09:04.639624" elapsed="0.080966"/>
</kw>
<var name="${NUMBER}">29</var>
<status status="PASS" start="2025-01-14T10:09:04.639486" elapsed="0.081188"/>
</iter>
<iter>
<kw name="Click Element" owner="SeleniumLibrary">
<msg time="2025-01-14T10:09:04.721116" level="INFO">Clicking element 'id=n52'.</msg>
<arg>locator=id=n${NUMBER}</arg>
<doc>Click the element identified by ``locator``.</doc>
<status status="PASS" start="2025-01-14T10:09:04.720901" elapsed="0.083492"/>
</kw>
<var name="${NUMBER}">52</var>
<status status="PASS" start="2025-01-14T10:09:04.720797" elapsed="0.084005"/>
</iter>
<var>${NUMBER}</var>
<value>@{NUMBERS}</value>
<status status="PASS" start="2025-01-14T10:09:04.177684" elapsed="0.627253"/>
</for>
<kw name="Add to cart" owner="resources">
<kw name="Click Element" owner="SeleniumLibrary">
<msg time="2025-01-14T10:09:04.806141" level="INFO">Clicking element 'id=colocarnocarrinho'.</msg>
<arg>locator=${ELEMENT_ADD_TO_CART_LOCATOR}</arg>
<doc>Click the element identified by ``locator``.</doc>
<status status="PASS" start="2025-01-14T10:09:04.805728" elapsed="0.131678"/>
</kw>
<status status="PASS" start="2025-01-14T10:09:04.805206" elapsed="0.132602"/>
</kw>
<var name="${NUMBERS}">['01', '07', '16', '27', '29', '52']</var>
<status status="PASS" start="2025-01-14T10:09:04.177646" elapsed="0.760234"/>
</iter>
<iter>
<for flavor="IN">
<iter>
<kw name="Click Element" owner="SeleniumLibrary">
<msg time="2025-01-14T10:09:04.940030" level="INFO">Clicking element 'id=n01'.</msg>
<arg>locator=id=n${NUMBER}</arg>
<doc>Click the element identified by ``locator``.</doc>
<status status="PASS" start="2025-01-14T10:09:04.939075" elapsed="0.084479"/>
</kw>
<var name="${NUMBER}">01</var>
<status status="PASS" start="2025-01-14T10:09:04.938611" elapsed="0.085086"/>
</iter>
<iter>
<kw name="Click Element" owner="SeleniumLibrary">
<msg time="2025-01-14T10:09:05.024423" level="INFO">Clicking element 'id=n08'.</msg>
<arg>locator=id=n${NUMBER}</arg>
<doc>Click the element identified by ``locator``.</doc>
<status status="PASS" start="2025-01-14T10:09:05.024106" elapsed="0.056777"/>
</kw>
<var name="${NUMBER}">08</var>
<status status="PASS" start="2025-01-14T10:09:05.023897" elapsed="0.057098"/>
</iter>
<iter>
<kw name="Click Element" owner="SeleniumLibrary">
<msg time="2025-01-14T10:09:05.081570" level="INFO">Clicking element 'id=n18'.</msg>
<arg>locator=id=n${NUMBER}</arg>
<doc>Click the element identified by ``locator``.</doc>
<status status="PASS" start="2025-01-14T10:09:05.081311" elapsed="0.058347"/>
</kw>
<var name="${NUMBER}">18</var>
<status status="PASS" start="2025-01-14T10:09:05.081178" elapsed="0.058610"/>
</iter>
<iter>
<kw name="Click Element" owner="SeleniumLibrary">
<msg time="2025-01-14T10:09:05.141210" level="INFO">Clicking element 'id=n20'.</msg>
<arg>locator=id=n${NUMBER}</arg>
<doc>Click the element identified by ``locator``.</doc>
<status status="PASS" start="2025-01-14T10:09:05.140102" elapsed="0.074172"/>
</kw>
<var name="${NUMBER}">20</var>
<status status="PASS" start="2025-01-14T10:09:05.139940" elapsed="0.074508"/>
</iter>
<iter>
<kw name="Click Element" owner="SeleniumLibrary">
<msg time="2025-01-14T10:09:05.215483" level="INFO">Clicking element 'id=n28'.</msg>
<arg>locator=id=n${NUMBER}</arg>
<doc>Click the element identified by ``locator``.</doc>
<status status="PASS" start="2025-01-14T10:09:05.214966" elapsed="0.131122"/>
</kw>
<var name="${NUMBER}">28</var>
<status status="PASS" start="2025-01-14T10:09:05.214737" elapsed="0.131536"/>
</iter>
<iter>
<kw name="Click Element" owner="SeleniumLibrary">
<msg time="2025-01-14T10:09:05.346874" level="INFO">Clicking element 'id=n51'.</msg>
<arg>locator=id=n${NUMBER}</arg>
<doc>Click the element identified by ``locator``.</doc>
<status status="PASS" start="2025-01-14T10:09:05.346593" elapsed="0.118135"/>
</kw>
<var name="${NUMBER}">51</var>
<status status="PASS" start="2025-01-14T10:09:05.346448" elapsed="0.118359"/>
</iter>
<var>${NUMBER}</var>
<value>@{NUMBERS}</value>
<status status="PASS" start="2025-01-14T10:09:04.938271" elapsed="0.526574"/>
</for>
<kw name="Add to cart" owner="resources">
<kw name="Click Element" owner="SeleniumLibrary">
<msg time="2025-01-14T10:09:05.465564" level="INFO">Clicking element 'id=colocarnocarrinho'.</msg>
<arg>locator=${ELEMENT_ADD_TO_CART_LOCATOR}</arg>
<doc>Click the element identified by ``locator``.</doc>
<status status="PASS" start="2025-01-14T10:09:05.465236" elapsed="0.140723"/>
</kw>
<status status="PASS" start="2025-01-14T10:09:05.465013" elapsed="0.141314"/>
</kw>
<var name="${NUMBERS}">['01', '08', '18', '20', '28', '51']</var>
<status status="PASS" start="2025-01-14T10:09:04.938150" elapsed="0.668238"/>
</iter>
<iter>
<for flavor="IN">
<iter>
<kw name="Click Element" owner="SeleniumLibrary">
<msg time="2025-01-14T10:09:05.609253" level="INFO">Clicking element 'id=n01'.</msg>
<arg>locator=id=n${NUMBER}</arg>
<doc>Click the element identified by ``locator``.</doc>
<status status="PASS" start="2025-01-14T10:09:05.608350" elapsed="0.075232"/>
</kw>
<var name="${NUMBER}">01</var>
<status status="PASS" start="2025-01-14T10:09:05.607791" elapsed="0.075889"/>
</iter>
<iter>
<kw name="Click Element" owner="SeleniumLibrary">
<msg time="2025-01-14T10:09:05.684171" level="INFO">Clicking element 'id=n08'.</msg>
<arg>locator=id=n${NUMBER}</arg>
<doc>Click the element identified by ``locator``.</doc>
<status status="PASS" start="2025-01-14T10:09:05.683933" elapsed="0.106931"/>
</kw>
<var name="${NUMBER}">08</var>
<status status="PASS" start="2025-01-14T10:09:05.683814" elapsed="0.107309"/>
</iter>
<iter>
<kw name="Click Element" owner="SeleniumLibrary">
<msg time="2025-01-14T10:09:05.792711" level="INFO">Clicking element 'id=n27'.</msg>
<arg>locator=id=n${NUMBER}</arg>
<doc>Click the element identified by ``locator``.</doc>
<status status="PASS" start="2025-01-14T10:09:05.792027" elapsed="0.118888"/>
</kw>
<var name="${NUMBER}">27</var>
<status status="PASS" start="2025-01-14T10:09:05.791503" elapsed="0.119680"/>
</iter>
<iter>
<kw name="Click Element" owner="SeleniumLibrary">
<msg time="2025-01-14T10:09:05.912794" level="INFO">Clicking element 'id=n29'.</msg>
<arg>locator=id=n${NUMBER}</arg>
<doc>Click the element identified by ``locator``.</doc>
<status status="PASS" start="2025-01-14T10:09:05.911954" elapsed="0.147761"/>
</kw>
<var name="${NUMBER}">29</var>
<status status="PASS" start="2025-01-14T10:09:05.911545" elapsed="0.148328"/>
</iter>
<iter>
<kw name="Click Element" owner="SeleniumLibrary">
<msg time="2025-01-14T10:09:06.060507" level="INFO">Clicking element 'id=n30'.</msg>
<arg>locator=id=n${NUMBER}</arg>
<doc>Click the element identified by ``locator``.</doc>
<status status="PASS" start="2025-01-14T10:09:06.060208" elapsed="0.135678"/>
</kw>
<var name="${NUMBER}">30</var>
<status status="PASS" start="2025-01-14T10:09:06.060066" elapsed="0.136078"/>
</iter>
<iter>
<kw name="Click Element" owner="SeleniumLibrary">
<msg time="2025-01-14T10:09:06.198813" level="INFO">Clicking element 'id=n37'.</msg>
<arg>locator=id=n${NUMBER}</arg>
<doc>Click the element identified by ``locator``.</doc>
<status status="PASS" start="2025-01-14T10:09:06.197355" elapsed="0.167501"/>
</kw>
<var name="${NUMBER}">37</var>
<status status="PASS" start="2025-01-14T10:09:06.196879" elapsed="0.168072"/>
</iter>
<var>${NUMBER}</var>
<value>@{NUMBERS}</value>
<status status="PASS" start="2025-01-14T10:09:05.607336" elapsed="0.757676"/>
</for>
<kw name="Add to cart" owner="resources">
<kw name="Click Element" owner="SeleniumLibrary">
<msg time="2025-01-14T10:09:06.366349" level="INFO">Clicking element 'id=colocarnocarrinho'.</msg>
<arg>locator=${ELEMENT_ADD_TO_CART_LOCATOR}</arg>
<doc>Click the element identified by ``locator``.</doc>
<status status="PASS" start="2025-01-14T10:09:06.365918" elapsed="0.156331"/>
</kw>
<status status="PASS" start="2025-01-14T10:09:06.365327" elapsed="0.157024"/>
</kw>
<var name="${NUMBERS}">['01', '08', '27', '29', '30', '37']</var>
<status status="PASS" start="2025-01-14T10:09:05.607114" elapsed="0.915267"/>
</iter>
<iter>
<for flavor="IN">
<iter>
<kw name="Click Element" owner="SeleniumLibrary">
<msg time="2025-01-14T10:09:06.522934" level="INFO">Clicking element 'id=n01'.</msg>
<arg>locator=id=n${NUMBER}</arg>
<doc>Click the element identified by ``locator``.</doc>
<status status="PASS" start="2025-01-14T10:09:06.522757" elapsed="0.081662"/>
</kw>
<var name="${NUMBER}">01</var>
<status status="PASS" start="2025-01-14T10:09:06.522660" elapsed="0.082013"/>
</iter>
<iter>
<kw name="Click Element" owner="SeleniumLibrary">
<msg time="2025-01-14T10:09:06.606635" level="INFO">Clicking element 'id=n09'.</msg>
<arg>locator=id=n${NUMBER}</arg>
<doc>Click the element identified by ``locator``.</doc>
<status status="PASS" start="2025-01-14T10:09:06.605452" elapsed="0.142494"/>
</kw>
<var name="${NUMBER}">09</var>
<status status="PASS" start="2025-01-14T10:09:06.605106" elapsed="0.142936"/>
</iter>
<iter>
<kw name="Click Element" owner="SeleniumLibrary">
<msg time="2025-01-14T10:09:06.748618" level="INFO">Clicking element 'id=n11'.</msg>
<arg>locator=id=n${NUMBER}</arg>
<doc>Click the element identified by ``locator``.</doc>
<status status="PASS" start="2025-01-14T10:09:06.748302" elapsed="0.098203"/>
</kw>
<var name="${NUMBER}">11</var>
<status status="PASS" start="2025-01-14T10:09:06.748165" elapsed="0.098419"/>
</iter>
<iter>
<kw name="Click Element" owner="SeleniumLibrary">
<msg time="2025-01-14T10:09:06.847018" level="INFO">Clicking element 'id=n24'.</msg>
<arg>locator=id=n${NUMBER}</arg>
<doc>Click the element identified by ``locator``.</doc>
<status status="PASS" start="2025-01-14T10:09:06.846800" elapsed="0.105082"/>
</kw>
<var name="${NUMBER}">24</var>
<status status="PASS" start="2025-01-14T10:09:06.846699" elapsed="0.105403"/>
</iter>
<iter>
<kw name="Click Element" owner="SeleniumLibrary">
<msg time="2025-01-14T10:09:06.952823" level="INFO">Clicking element 'id=n36'.</msg>
<arg>locator=id=n${NUMBER}</arg>
<doc>Click the element identified by ``locator``.</doc>
<status status="PASS" start="2025-01-14T10:09:06.952499" elapsed="0.123789"/>
</kw>
<var name="${NUMBER}">36</var>
<status status="PASS" start="2025-01-14T10:09:06.952339" elapsed="0.124229"/>
</iter>
<iter>
<kw name="Click Element" owner="SeleniumLibrary">
<msg time="2025-01-14T10:09:07.077552" level="INFO">Clicking element 'id=n53'.</msg>
<arg>locator=id=n${NUMBER}</arg>
<doc>Click the element identified by ``locator``.</doc>
<status status="PASS" start="2025-01-14T10:09:07.077332" elapsed="0.098465"/>
</kw>
<var name="${NUMBER}">53</var>
<status status="PASS" start="2025-01-14T10:09:07.077087" elapsed="0.098870"/>
</iter>
<var>${NUMBER}</var>
<value>@{NUMBERS}</value>
<status status="PASS" start="2025-01-14T10:09:06.522552" elapsed="0.653630"/>
</for>
<kw name="Add to cart" owner="resources">
<kw name="Click Element" owner="SeleniumLibrary">
<msg time="2025-01-14T10:09:07.177549" level="INFO">Clicking element 'id=colocarnocarrinho'.</msg>
<arg>locator=${ELEMENT_ADD_TO_CART_LOCATOR}</arg>
<doc>Click the element identified by ``locator``.</doc>
<status status="PASS" start="2025-01-14T10:09:07.177064" elapsed="0.130061"/>
</kw>
<status status="PASS" start="2025-01-14T10:09:07.176546" elapsed="0.130740"/>
</kw>
<var name="${NUMBERS}">['01', '09', '11', '24', '36', '53']</var>
<status status="PASS" start="2025-01-14T10:09:06.522516" elapsed="0.784826"/>
</iter>
<iter>
<for flavor="IN">
<iter>
<kw name="Click Element" owner="SeleniumLibrary">
<msg time="2025-01-14T10:09:07.308315" level="INFO">Clicking element 'id=n01'.</msg>
<arg>locator=id=n${NUMBER}</arg>
<doc>Click the element identified by ``locator``.</doc>
<status status="PASS" start="2025-01-14T10:09:07.308056" elapsed="0.069352"/>
</kw>
<var name="${NUMBER}">01</var>
<status status="PASS" start="2025-01-14T10:09:07.307897" elapsed="0.069618"/>
</iter>
<iter>
<kw name="Click Element" owner="SeleniumLibrary">
<msg time="2025-01-14T10:09:07.378085" level="INFO">Clicking element 'id=n09'.</msg>
<arg>locator=id=n${NUMBER}</arg>
<doc>Click the element identified by ``locator``.</doc>
<status status="PASS" start="2025-01-14T10:09:07.377809" elapsed="0.083837"/>
</kw>
<var name="${NUMBER}">09</var>
<status status="PASS" start="2025-01-14T10:09:07.377677" elapsed="0.084072"/>
</iter>
<iter>
<kw name="Click Element" owner="SeleniumLibrary">
<msg time="2025-01-14T10:09:07.462581" level="INFO">Clicking element 'id=n19'.</msg>
<arg>locator=id=n${NUMBER}</arg>
<doc>Click the element identified by ``locator``.</doc>
<status status="PASS" start="2025-01-14T10:09:07.462056" elapsed="0.088976"/>
</kw>
<var name="${NUMBER}">19</var>
<status status="PASS" start="2025-01-14T10:09:07.461902" elapsed="0.089276"/>
</iter>
<iter>
<kw name="Click Element" owner="SeleniumLibrary">
<msg time="2025-01-14T10:09:07.551866" level="INFO">Clicking element 'id=n27'.</msg>
<arg>locator=id=n${NUMBER}</arg>
<doc>Click the element identified by ``locator``.</doc>
<status status="PASS" start="2025-01-14T10:09:07.551495" elapsed="0.046096"/>
</kw>
<var name="${NUMBER}">27</var>
<status status="PASS" start="2025-01-14T10:09:07.551345" elapsed="0.046338"/>
</iter>
<iter>
<kw name="Click Element" owner="SeleniumLibrary">
<msg time="2025-01-14T10:09:07.598215" level="INFO">Clicking element 'id=n36'.</msg>
<arg>locator=id=n${NUMBER}</arg>
<doc>Click the element identified by ``locator``.</doc>
<status status="PASS" start="2025-01-14T10:09:07.597947" elapsed="0.051245"/>
</kw>
<var name="${NUMBER}">36</var>
<status status="PASS" start="2025-01-14T10:09:07.597824" elapsed="0.051464"/>
</iter>
<iter>
<kw name="Click Element" owner="SeleniumLibrary">
<msg time="2025-01-14T10:09:07.649794" level="INFO">Clicking element 'id=n52'.</msg>
<arg>locator=id=n${NUMBER}</arg>
<doc>Click the element identified by ``locator``.</doc>
<status status="PASS" start="2025-01-14T10:09:07.649561" elapsed="0.051524"/>
</kw>
<var name="${NUMBER}">52</var>
<status status="PASS" start="2025-01-14T10:09:07.649438" elapsed="0.051746"/>
</iter>
<var>${NUMBER}</var>
<value>@{NUMBERS}</value>
<status status="PASS" start="2025-01-14T10:09:07.307596" elapsed="0.393643"/>
</for>
<kw name="Add to cart" owner="resources">
<kw name="Click Element" owner="SeleniumLibrary">
<msg time="2025-01-14T10:09:07.701897" level="INFO">Clicking element 'id=colocarnocarrinho'.</msg>
<arg>locator=${ELEMENT_ADD_TO_CART_LOCATOR}</arg>
<doc>Click the element identified by ``locator``.</doc>
<status status="PASS" start="2025-01-14T10:09:07.701701" elapsed="0.077454"/>
</kw>
<status status="PASS" start="2025-01-14T10:09:07.701450" elapsed="0.077810"/>
</kw>
<var name="${NUMBERS}">['01', '09', '19', '27', '36', '52']</var>
<status status="PASS" start="2025-01-14T10:09:07.307542" elapsed="0.471750"/>
</iter>
<iter>
<for flavor="IN">
<iter>
<kw name="Click Element" owner="SeleniumLibrary">
<msg time="2025-01-14T10:09:07.779895" level="INFO">Clicking element 'id=n01'.</msg>
<arg>locator=id=n${NUMBER}</arg>
<doc>Click the element identified by ``locator``.</doc>
<status status="PASS" start="2025-01-14T10:09:07.779692" elapsed="0.103595"/>
</kw>
<var name="${NUMBER}">01</var>
<status status="PASS" start="2025-01-14T10:09:07.779592" elapsed="0.103828"/>
</iter>
<iter>
<kw name="Click Element" owner="SeleniumLibrary">
<msg time="2025-01-14T10:09:07.884070" level="INFO">Clicking element 'id=n09'.</msg>
<arg>locator=id=n${NUMBER}</arg>
<doc>Click the element identified by ``locator``.</doc>
<status status="PASS" start="2025-01-14T10:09:07.883684" elapsed="0.139821"/>
</kw>
<var name="${NUMBER}">09</var>
<status status="PASS" start="2025-01-14T10:09:07.883577" elapsed="0.140009"/>
</iter>
<iter>
<kw name="Click Element" owner="SeleniumLibrary">
<msg time="2025-01-14T10:09:08.024123" level="INFO">Clicking element 'id=n21'.</msg>
<arg>locator=id=n${NUMBER}</arg>
<doc>Click the element identified by ``locator``.</doc>
<status status="PASS" start="2025-01-14T10:09:08.023824" elapsed="0.105524"/>
</kw>
<var name="${NUMBER}">21</var>
<status status="PASS" start="2025-01-14T10:09:08.023714" elapsed="0.105721"/>
</iter>
<iter>
<kw name="Click Element" owner="SeleniumLibrary">
<msg time="2025-01-14T10:09:08.129838" level="INFO">Clicking element 'id=n37'.</msg>
<arg>locator=id=n${NUMBER}</arg>
<doc>Click the element identified by ``locator``.</doc>
<status status="PASS" start="2025-01-14T10:09:08.129648" elapsed="0.115552"/>
</kw>
<var name="${NUMBER}">37</var>
<status status="PASS" start="2025-01-14T10:09:08.129552" elapsed="0.115780"/>
</iter>
<iter>
<kw name="Click Element" owner="SeleniumLibrary">
<msg time="2025-01-14T10:09:08.245852" level="INFO">Clicking element 'id=n42'.</msg>
<arg>locator=id=n${NUMBER}</arg>
<doc>Click the element identified by ``locator``.</doc>
<status status="PASS" start="2025-01-14T10:09:08.245645" elapsed="0.110800"/>
</kw>
<var name="${NUMBER}">42</var>
<status status="PASS" start="2025-01-14T10:09:08.245512" elapsed="0.111020"/>
</iter>
<iter>
<kw name="Click Element" owner="SeleniumLibrary">
<msg time="2025-01-14T10:09:08.356980" level="INFO">Clicking element 'id=n48'.</msg>
<arg>locator=id=n${NUMBER}</arg>
<doc>Click the element identified by ``locator``.</doc>
<status status="PASS" start="2025-01-14T10:09:08.356769" elapsed="0.161284"/>
</kw>
<var name="${NUMBER}">48</var>
<status status="PASS" start="2025-01-14T10:09:08.356658" elapsed="0.161481"/>
</iter>
<var>${NUMBER}</var>
<value>@{NUMBERS}</value>
<status status="PASS" start="2025-01-14T10:09:07.779487" elapsed="0.738699"/>
</for>
<kw name="Add to cart" owner="resources">
<kw name="Click Element" owner="SeleniumLibrary">
<msg time="2025-01-14T10:09:08.518891" level="INFO">Clicking element 'id=colocarnocarrinho'.</msg>
<arg>locator=${ELEMENT_ADD_TO_CART_LOCATOR}</arg>
<doc>Click the element identified by ``locator``.</doc>
<status status="PASS" start="2025-01-14T10:09:08.518627" elapsed="0.103215"/>
</kw>
<status status="PASS" start="2025-01-14T10:09:08.518375" elapsed="0.103751"/>
</kw>
<var name="${NUMBERS}">['01', '09', '21', '37', '42', '48']</var>
<status status="PASS" start="2025-01-14T10:09:07.779444" elapsed="0.842752"/>
</iter>
<iter>
<for flavor="IN">
<iter>
<kw name="Click Element" owner="SeleniumLibrary">
<msg time="2025-01-14T10:09:08.623514" level="INFO">Clicking element 'id=n01'.</msg>
<arg>locator=id=n${NUMBER}</arg>
<doc>Click the element identified by ``locator``.</doc>
<status status="PASS" start="2025-01-14T10:09:08.623161" elapsed="0.132490"/>
</kw>
<var name="${NUMBER}">01</var>
<status status="PASS" start="2025-01-14T10:09:08.622884" elapsed="0.132884"/>
</iter>
<iter>
<kw name="Click Element" owner="SeleniumLibrary">
<msg time="2025-01-14T10:09:08.756432" level="INFO">Clicking element 'id=n09'.</msg>
<arg>locator=id=n${NUMBER}</arg>
<doc>Click the element identified by ``locator``.</doc>
<status status="PASS" start="2025-01-14T10:09:08.756102" elapsed="0.109361"/>
</kw>
<var name="${NUMBER}">09</var>
<status status="PASS" start="2025-01-14T10:09:08.755940" elapsed="0.109632"/>
</iter>
<iter>
<kw name="Click Element" owner="SeleniumLibrary">
<msg time="2025-01-14T10:09:08.866598" level="INFO">Clicking element 'id=n24'.</msg>
<arg>locator=id=n${NUMBER}</arg>
<doc>Click the element identified by ``locator``.</doc>
<status status="PASS" start="2025-01-14T10:09:08.865876" elapsed="0.109308"/>
</kw>
<var name="${NUMBER}">24</var>
<status status="PASS" start="2025-01-14T10:09:08.865731" elapsed="0.109573"/>
</iter>
<iter>
<kw name="Click Element" owner="SeleniumLibrary">
<msg time="2025-01-14T10:09:08.976494" level="INFO">Clicking element 'id=n33'.</msg>
<arg>locator=id=n${NUMBER}</arg>
<doc>Click the element identified by ``locator``.</doc>
<status status="PASS" start="2025-01-14T10:09:08.975794" elapsed="0.111317"/>
</kw>
<var name="${NUMBER}">33</var>
<status status="PASS" start="2025-01-14T10:09:08.975489" elapsed="0.113026"/>
</iter>
<iter>
<kw name="Click Element" owner="SeleniumLibrary">
<msg time="2025-01-14T10:09:09.091378" level="INFO">Clicking element 'id=n48'.</msg>
<arg>locator=id=n${NUMBER}</arg>
<doc>Click the element identified by ``locator``.</doc>
<status status="PASS" start="2025-01-14T10:09:09.090322" elapsed="0.093875"/>
</kw>
<var name="${NUMBER}">48</var>
<status status="PASS" start="2025-01-14T10:09:09.089475" elapsed="0.094976"/>
</iter>
<iter>
<kw name="Click Element" owner="SeleniumLibrary">
<msg time="2025-01-14T10:09:09.185812" level="INFO">Clicking element 'id=n52'.</msg>
<arg>locator=id=n${NUMBER}</arg>
<doc>Click the element identified by ``locator``.</doc>
<status status="PASS" start="2025-01-14T10:09:09.185188" elapsed="0.064530"/>
</kw>
<var name="${NUMBER}">52</var>
<status status="PASS" start="2025-01-14T10:09:09.184892" elapsed="0.064901"/>
</iter>
<var>${NUMBER}</var>
<value>@{NUMBERS}</value>
<status status="PASS" start="2025-01-14T10:09:08.622686" elapsed="0.627149"/>
</for>
<kw name="Add to cart" owner="resources">
<kw name="Click Element" owner="SeleniumLibrary">
<msg time="2025-01-14T10:09:09.250406" level="INFO">Clicking element 'id=colocarnocarrinho'.</msg>
<arg>locator=${ELEMENT_ADD_TO_CART_LOCATOR}</arg>
<doc>Click the element identified by ``locator``.</doc>
<status status="PASS" start="2025-01-14T10:09:09.250237" elapsed="0.084983"/>
</kw>
<status status="PASS" start="2025-01-14T10:09:09.250019" elapsed="0.085304"/>
</kw>
<var name="${NUMBERS}">['01', '09', '24', '33', '48', '52']</var>
<status status="PASS" start="2025-01-14T10:09:08.622610" elapsed="0.712741"/>
</iter>
<iter>
<for flavor="IN">
<iter>
<kw name="Click Element" owner="SeleniumLibrary">
<msg time="2025-01-14T10:09:09.336255" level="INFO">Clicking element 'id=n01'.</msg>
<arg>locator=id=n${NUMBER}</arg>
<doc>Click the element identified by ``locator``.</doc>
<status status="PASS" start="2025-01-14T10:09:09.335740" elapsed="0.112189"/>
</kw>
<var name="${NUMBER}">01</var>
<status status="PASS" start="2025-01-14T10:09:09.335630" elapsed="0.112389"/>
</iter>
<iter>
<kw name="Click Element" owner="SeleniumLibrary">
<msg time="2025-01-14T10:09:09.448426" level="INFO">Clicking element 'id=n10'.</msg>
<arg>locator=id=n${NUMBER}</arg>
<doc>Click the element identified by ``locator``.</doc>
<status status="PASS" start="2025-01-14T10:09:09.448235" elapsed="0.122161"/>
</kw>
<var name="${NUMBER}">10</var>
<status status="PASS" start="2025-01-14T10:09:09.448137" elapsed="0.122371"/>
</iter>
<iter>
<kw name="Click Element" owner="SeleniumLibrary">
<msg time="2025-01-14T10:09:09.572089" level="INFO">Clicking element 'id=n11'.</msg>
<arg>locator=id=n${NUMBER}</arg>
<doc>Click the element identified by ``locator``.</doc>
<status status="PASS" start="2025-01-14T10:09:09.571382" elapsed="0.169143"/>
</kw>
<var name="${NUMBER}">11</var>
<status status="PASS" start="2025-01-14T10:09:09.570989" elapsed="0.169696"/>
</iter>
<iter>
<kw name="Click Element" owner="SeleniumLibrary">
<msg time="2025-01-14T10:09:09.741175" level="INFO">Clicking element 'id=n34'.</msg>
<arg>locator=id=n${NUMBER}</arg>
<doc>Click the element identified by ``locator``.</doc>
<status status="PASS" start="2025-01-14T10:09:09.740968" elapsed="0.085914"/>
</kw>
<var name="${NUMBER}">34</var>
<status status="PASS" start="2025-01-14T10:09:09.740868" elapsed="0.086540"/>
</iter>
<iter>
<kw name="Click Element" owner="SeleniumLibrary">
<msg time="2025-01-14T10:09:09.829026" level="INFO">Clicking element 'id=n41'.</msg>
<arg>locator=id=n${NUMBER}</arg>
<doc>Click the element identified by ``locator``.</doc>
<status status="PASS" start="2025-01-14T10:09:09.828346" elapsed="0.068422"/>
</kw>
<var name="${NUMBER}">41</var>
<status status="PASS" start="2025-01-14T10:09:09.827921" elapsed="0.069008"/>
</iter>
<iter>
<kw name="Click Element" owner="SeleniumLibrary">
<msg time="2025-01-14T10:09:09.897891" level="INFO">Clicking element 'id=n58'.</msg>
<arg>locator=id=n${NUMBER}</arg>
<doc>Click the element identified by ``locator``.</doc>
<status status="PASS" start="2025-01-14T10:09:09.897425" elapsed="0.115677"/>
</kw>
<var name="${NUMBER}">58</var>
<status status="PASS" start="2025-01-14T10:09:09.897200" elapsed="0.116013"/>
</iter>
<var>${NUMBER}</var>
<value>@{NUMBERS}</value>
<status status="PASS" start="2025-01-14T10:09:09.335522" elapsed="0.677756"/>
</for>
<kw name="Add to cart" owner="resources">
<kw name="Click Element" owner="SeleniumLibrary">
<msg time="2025-01-14T10:09:10.014513" level="INFO">Clicking element 'id=colocarnocarrinho'.</msg>
<arg>locator=${ELEMENT_ADD_TO_CART_LOCATOR}</arg>
<doc>Click the element identified by ``locator``.</doc>
<status status="PASS" start="2025-01-14T10:09:10.013800" elapsed="0.127550"/>
</kw>
<status status="PASS" start="2025-01-14T10:09:10.013489" elapsed="0.127983"/>
</kw>
<var name="${NUMBERS}">['01', '10', '11', '34', '41', '58']</var>
<status status="PASS" start="2025-01-14T10:09:09.335486" elapsed="0.806027"/>
</iter>
<iter>
<for flavor="IN">
<iter>
<kw name="Click Element" owner="SeleniumLibrary">
<msg time="2025-01-14T10:09:10.142162" level="INFO">Clicking element 'id=n01'.</msg>
<arg>locator=id=n${NUMBER}</arg>
<doc>Click the element identified by ``locator``.</doc>
<status status="PASS" start="2025-01-14T10:09:10.141948" elapsed="0.098501"/>
</kw>
<var name="${NUMBER}">01</var>
<status status="PASS" start="2025-01-14T10:09:10.141845" elapsed="0.098717"/>
</iter>
<iter>
<kw name="Click Element" owner="SeleniumLibrary">
<msg time="2025-01-14T10:09:10.241117" level="INFO">Clicking element 'id=n10'.</msg>
<arg>locator=id=n${NUMBER}</arg>
<doc>Click the element identified by ``locator``.</doc>
<status status="PASS" start="2025-01-14T10:09:10.240858" elapsed="0.113044"/>
</kw>
<var name="${NUMBER}">10</var>
<status status="PASS" start="2025-01-14T10:09:10.240728" elapsed="0.113287"/>
</iter>
<iter>
<kw name="Click Element" owner="SeleniumLibrary">
<msg time="2025-01-14T10:09:10.355105" level="INFO">Clicking element 'id=n18'.</msg>
<arg>locator=id=n${NUMBER}</arg>
<doc>Click the element identified by ``locator``.</doc>
<status status="PASS" start="2025-01-14T10:09:10.354350" elapsed="0.076822"/>
</kw>
<var name="${NUMBER}">18</var>
<status status="PASS" start="2025-01-14T10:09:10.354244" elapsed="0.077059"/>
</iter>
<iter>
<kw name="Click Element" owner="SeleniumLibrary">
<msg time="2025-01-14T10:09:10.432177" level="INFO">Clicking element 'id=n50'.</msg>
<arg>locator=id=n${NUMBER}</arg>
<doc>Click the element identified by ``locator``.</doc>
<status status="PASS" start="2025-01-14T10:09:10.431738" elapsed="0.065529"/>
</kw>
<var name="${NUMBER}">50</var>
<status status="PASS" start="2025-01-14T10:09:10.431513" elapsed="0.065860"/>
</iter>
<iter>
<kw name="Click Element" owner="SeleniumLibrary">
<msg time="2025-01-14T10:09:10.497906" level="INFO">Clicking element 'id=n56'.</msg>
<arg>locator=id=n${NUMBER}</arg>
<doc>Click the element identified by ``locator``.</doc>
<status status="PASS" start="2025-01-14T10:09:10.497657" elapsed="0.056116"/>
</kw>
<var name="${NUMBER}">56</var>
<status status="PASS" start="2025-01-14T10:09:10.497529" elapsed="0.056335"/>
</iter>
<iter>
<kw name="Click Element" owner="SeleniumLibrary">
<msg time="2025-01-14T10:09:10.554385" level="INFO">Clicking element 'id=n58'.</msg>
<arg>locator=id=n${NUMBER}</arg>
<doc>Click the element identified by ``locator``.</doc>
<status status="PASS" start="2025-01-14T10:09:10.554149" elapsed="0.073760"/>
</kw>
<var name="${NUMBER}">58</var>
<status status="PASS" start="2025-01-14T10:09:10.554014" elapsed="0.074178"/>
</iter>
<var>${NUMBER}</var>
<value>@{NUMBERS}</value>
<status status="PASS" start="2025-01-14T10:09:10.141720" elapsed="0.486572"/>
</for>
<kw name="Add to cart" owner="resources">
<kw name="Click Element" owner="SeleniumLibrary">
<msg time="2025-01-14T10:09:10.629453" level="INFO">Clicking element 'id=colocarnocarrinho'.</msg>
<arg>locator=${ELEMENT_ADD_TO_CART_LOCATOR}</arg>
<doc>Click the element identified by ``locator``.</doc>
<status status="PASS" start="2025-01-14T10:09:10.629242" elapsed="0.123490"/>
</kw>
<status status="PASS" start="2025-01-14T10:09:10.628802" elapsed="0.124072"/>
</kw>
<var name="${NUMBERS}">['01', '10', '18', '50', '56', '58']</var>
<status status="PASS" start="2025-01-14T10:09:10.141676" elapsed="0.611230"/>
</iter>
<iter>
<for flavor="IN">
<iter>
<kw name="Click Element" owner="SeleniumLibrary">
<msg time="2025-01-14T10:09:10.753572" level="INFO">Clicking element 'id=n01'.</msg>
<arg>locator=id=n${NUMBER}</arg>
<doc>Click the element identified by ``locator``.</doc>
<status status="PASS" start="2025-01-14T10:09:10.753376" elapsed="0.056980"/>
</kw>
<var name="${NUMBER}">01</var>
<status status="PASS" start="2025-01-14T10:09:10.753252" elapsed="0.057191"/>
</iter>
<iter>
<kw name="Click Element" owner="SeleniumLibrary">
<msg time="2025-01-14T10:09:10.810899" level="INFO">Clicking element 'id=n10'.</msg>
<arg>locator=id=n${NUMBER}</arg>
<doc>Click the element identified by ``locator``.</doc>
<status status="PASS" start="2025-01-14T10:09:10.810667" elapsed="0.120270"/>
</kw>
<var name="${NUMBER}">10</var>
<status status="PASS" start="2025-01-14T10:09:10.810567" elapsed="0.120597"/>
</iter>
<iter>
<kw name="Click Element" owner="SeleniumLibrary">
<msg time="2025-01-14T10:09:10.932362" level="INFO">Clicking element 'id=n21'.</msg>
<arg>locator=id=n${NUMBER}</arg>
<doc>Click the element identified by ``locator``.</doc>
<status status="PASS" start="2025-01-14T10:09:10.931714" elapsed="0.153703"/>
</kw>
<var name="${NUMBER}">21</var>
<status status="PASS" start="2025-01-14T10:09:10.931440" elapsed="0.154074"/>
</iter>
<iter>
<kw name="Click Element" owner="SeleniumLibrary">
<msg time="2025-01-14T10:09:11.086399" level="INFO">Clicking element 'id=n22'.</msg>
<arg>locator=id=n${NUMBER}</arg>
<doc>Click the element identified by ``locator``.</doc>
<status status="PASS" start="2025-01-14T10:09:11.085793" elapsed="0.125737"/>
</kw>
<var name="${NUMBER}">22</var>
<status status="PASS" start="2025-01-14T10:09:11.085664" elapsed="0.125991"/>
</iter>
<iter>
<kw name="Click Element" owner="SeleniumLibrary">
<msg time="2025-01-14T10:09:11.213763" level="INFO">Clicking element 'id=n39'.</msg>
<arg>locator=id=n${NUMBER}</arg>
<doc>Click the element identified by ``locator``.</doc>
<status status="PASS" start="2025-01-14T10:09:11.212916" elapsed="0.114590"/>
</kw>
<var name="${NUMBER}">39</var>
<status status="PASS" start="2025-01-14T10:09:11.212448" elapsed="0.115188"/>
</iter>
<iter>
<kw name="Click Element" owner="SeleniumLibrary">
<msg time="2025-01-14T10:09:11.329559" level="INFO">Clicking element 'id=n48'.</msg>
<arg>locator=id=n${NUMBER}</arg>
<doc>Click the element identified by ``locator``.</doc>
<status status="PASS" start="2025-01-14T10:09:11.328445" elapsed="0.074402"/>
</kw>
<var name="${NUMBER}">48</var>
<status status="PASS" start="2025-01-14T10:09:11.327855" elapsed="0.075397"/>
</iter>
<var>${NUMBER}</var>
<value>@{NUMBERS}</value>
<status status="PASS" start="2025-01-14T10:09:10.753130" elapsed="0.650283"/>
</for>
<kw name="Add to cart" owner="resources">
<kw name="Click Element" owner="SeleniumLibrary">
<msg time="2025-01-14T10:09:11.405600" level="INFO">Clicking element 'id=colocarnocarrinho'.</msg>
<arg>locator=${ELEMENT_ADD_TO_CART_LOCATOR}</arg>
<doc>Click the element identified by ``locator``.</doc>
<status status="PASS" start="2025-01-14T10:09:11.405163" elapsed="0.085256"/>
</kw>
<status status="PASS" start="2025-01-14T10:09:11.404220" elapsed="0.086511"/>
</kw>
<var name="${NUMBERS}">['01', '10', '21', '22', '39', '48']</var>
<status status="PASS" start="2025-01-14T10:09:10.753081" elapsed="0.737727"/>
</iter>
<iter>
<for flavor="IN">
<iter>
<kw name="Click Element" owner="SeleniumLibrary">
<msg time="2025-01-14T10:09:11.492103" level="INFO">Clicking element 'id=n01'.</msg>
<arg>locator=id=n${NUMBER}</arg>
<doc>Click the element identified by ``locator``.</doc>
<status status="PASS" start="2025-01-14T10:09:11.491696" elapsed="0.103298"/>
</kw>
<var name="${NUMBER}">01</var>
<status status="PASS" start="2025-01-14T10:09:11.491491" elapsed="0.103789"/>
</iter>
<iter>
<kw name="Click Element" owner="SeleniumLibrary">
<msg time="2025-01-14T10:09:11.596631" level="INFO">Clicking element 'id=n10'.</msg>
<arg>locator=id=n${NUMBER}</arg>
<doc>Click the element identified by ``locator``.</doc>
<status status="PASS" start="2025-01-14T10:09:11.595932" elapsed="0.139545"/>
</kw>
<var name="${NUMBER}">10</var>
<status status="PASS" start="2025-01-14T10:09:11.595614" elapsed="0.140097"/>
</iter>
<iter>
<kw name="Click Element" owner="SeleniumLibrary">
<msg time="2025-01-14T10:09:11.736534" level="INFO">Clicking element 'id=n25'.</msg>
<arg>locator=id=n${NUMBER}</arg>
<doc>Click the element identified by ``locator``.</doc>
<status status="PASS" start="2025-01-14T10:09:11.736171" elapsed="0.065283"/>
</kw>
<var name="${NUMBER}">25</var>
<status status="PASS" start="2025-01-14T10:09:11.735948" elapsed="0.065590"/>
</iter>
<iter>
<kw name="Click Element" owner="SeleniumLibrary">
<msg time="2025-01-14T10:09:11.801985" level="INFO">Clicking element 'id=n40'.</msg>
<arg>locator=id=n${NUMBER}</arg>
<doc>Click the element identified by ``locator``.</doc>
<status status="PASS" start="2025-01-14T10:09:11.801773" elapsed="0.078601"/>
</kw>
<var name="${NUMBER}">40</var>
<status status="PASS" start="2025-01-14T10:09:11.801662" elapsed="0.078969"/>
</iter>
<iter>
<kw name="Click Element" owner="SeleniumLibrary">
<msg time="2025-01-14T10:09:11.881550" level="INFO">Clicking element 'id=n54'.</msg>
<arg>locator=id=n${NUMBER}</arg>
<doc>Click the element identified by ``locator``.</doc>
<status status="PASS" start="2025-01-14T10:09:11.881326" elapsed="0.059631"/>
</kw>
<var name="${NUMBER}">54</var>
<status status="PASS" start="2025-01-14T10:09:11.880960" elapsed="0.060101"/>
</iter>
<iter>
<kw name="Click Element" owner="SeleniumLibrary">
<msg time="2025-01-14T10:09:11.941489" level="INFO">Clicking element 'id=n60'.</msg>
<arg>locator=id=n${NUMBER}</arg>
<doc>Click the element identified by ``locator``.</doc>
<status status="PASS" start="2025-01-14T10:09:11.941279" elapsed="0.071216"/>
</kw>
<var name="${NUMBER}">60</var>
<status status="PASS" start="2025-01-14T10:09:11.941177" elapsed="0.071399"/>
</iter>
<var>${NUMBER}</var>
<value>@{NUMBERS}</value>
<status status="PASS" start="2025-01-14T10:09:11.491272" elapsed="0.521346"/>
</for>
<kw name="Add to cart" owner="resources">
<kw name="Click Element" owner="SeleniumLibrary">
<msg time="2025-01-14T10:09:12.013179" level="INFO">Clicking element 'id=colocarnocarrinho'.</msg>
<arg>locator=${ELEMENT_ADD_TO_CART_LOCATOR}</arg>
<doc>Click the element identified by ``locator``.</doc>
<status status="PASS" start="2025-01-14T10:09:12.012992" elapsed="0.078859"/>
</kw>
<status status="PASS" start="2025-01-14T10:09:12.012781" elapsed="0.079196"/>
</kw>
<var name="${NUMBERS}">['01', '10', '25', '40', '54', '60']</var>
<status status="PASS" start="2025-01-14T10:09:11.491172" elapsed="0.600857"/>
</iter>
<iter>
<for flavor="IN">
<iter>
<kw name="Click Element" owner="SeleniumLibrary">
<msg time="2025-01-14T10:09:12.092684" level="INFO">Clicking element 'id=n01'.</msg>
<arg>locator=id=n${NUMBER}</arg>
<doc>Click the element identified by ``locator``.</doc>
<status status="PASS" start="2025-01-14T10:09:12.092494" elapsed="0.095432"/>
</kw>
<var name="${NUMBER}">01</var>
<status status="PASS" start="2025-01-14T10:09:12.092395" elapsed="0.095791"/>
</iter>
<iter>
<kw name="Click Element" owner="SeleniumLibrary">
<msg time="2025-01-14T10:09:12.188820" level="INFO">Clicking element 'id=n11'.</msg>
<arg>locator=id=n${NUMBER}</arg>
<doc>Click the element identified by ``locator``.</doc>
<status status="PASS" start="2025-01-14T10:09:12.188426" elapsed="0.119403"/>
</kw>
<var name="${NUMBER}">11</var>
<status status="PASS" start="2025-01-14T10:09:12.188314" elapsed="0.119670"/>
</iter>
<iter>
<kw name="Click Element" owner="SeleniumLibrary">
<msg time="2025-01-14T10:09:12.310106" level="INFO">Clicking element 'id=n12'.</msg>
<arg>locator=id=n${NUMBER}</arg>
<doc>Click the element identified by ``locator``.</doc>
<status status="PASS" start="2025-01-14T10:09:12.308775" elapsed="0.087796"/>
</kw>
<var name="${NUMBER}">12</var>
<status status="PASS" start="2025-01-14T10:09:12.308393" elapsed="0.088395"/>
</iter>
<iter>
<kw name="Click Element" owner="SeleniumLibrary">
<msg time="2025-01-14T10:09:12.398118" level="INFO">Clicking element 'id=n27'.</msg>
<arg>locator=id=n${NUMBER}</arg>
<doc>Click the element identified by ``locator``.</doc>
<status status="PASS" start="2025-01-14T10:09:12.397479" elapsed="0.107944"/>
</kw>
<var name="${NUMBER}">27</var>
<status status="PASS" start="2025-01-14T10:09:12.397130" elapsed="0.108400"/>
</iter>
<iter>
<kw name="Click Element" owner="SeleniumLibrary">
<msg time="2025-01-14T10:09:12.506106" level="INFO">Clicking element 'id=n38'.</msg>
<arg>locator=id=n${NUMBER}</arg>
<doc>Click the element identified by ``locator``.</doc>
<status status="PASS" start="2025-01-14T10:09:12.505810" elapsed="0.123724"/>
</kw>
<var name="${NUMBER}">38</var>
<status status="PASS" start="2025-01-14T10:09:12.505681" elapsed="0.124002"/>
</iter>
<iter>
<kw name="Click Element" owner="SeleniumLibrary">
<msg time="2025-01-14T10:09:12.631102" level="INFO">Clicking element 'id=n56'.</msg>
<arg>locator=id=n${NUMBER}</arg>
<doc>Click the element identified by ``locator``.</doc>
<status status="PASS" start="2025-01-14T10:09:12.630205" elapsed="0.130775"/>
</kw>
<var name="${NUMBER}">56</var>
<status status="PASS" start="2025-01-14T10:09:12.629873" elapsed="0.131227"/>
</iter>
<var>${NUMBER}</var>
<value>@{NUMBERS}</value>
<status status="PASS" start="2025-01-14T10:09:12.092276" elapsed="0.668882"/>
</for>
<kw name="Add to cart" owner="resources">
<kw name="Click Element" owner="SeleniumLibrary">
<msg time="2025-01-14T10:09:12.761873" level="INFO">Clicking element 'id=colocarnocarrinho'.</msg>
<arg>locator=${ELEMENT_ADD_TO_CART_LOCATOR}</arg>
<doc>Click the element identified by ``locator``.</doc>
<status status="PASS" start="2025-01-14T10:09:12.761643" elapsed="0.147637"/>
</kw>
<status status="PASS" start="2025-01-14T10:09:12.761372" elapsed="0.148066"/>
</kw>
<var name="${NUMBERS}">['01', '11', '12', '27', '38', '56']</var>
<status status="PASS" start="2025-01-14T10:09:12.092231" elapsed="0.817249"/>
</iter>
<iter>
<for flavor="IN">
<iter>
<kw name="Click Element" owner="SeleniumLibrary">
<msg time="2025-01-14T10:09:12.910126" level="INFO">Clicking element 'id=n01'.</msg>
<arg>locator=id=n${NUMBER}</arg>
<doc>Click the element identified by ``locator``.</doc>
<status status="PASS" start="2025-01-14T10:09:12.909907" elapsed="0.059763"/>
</kw>
<var name="${NUMBER}">01</var>
<status status="PASS" start="2025-01-14T10:09:12.909796" elapsed="0.060047"/>
</iter>
<iter>
<kw name="Click Element" owner="SeleniumLibrary">
<msg time="2025-01-14T10:09:12.971134" level="INFO">Clicking element 'id=n12'.</msg>
<arg>locator=id=n${NUMBER}</arg>
<doc>Click the element identified by ``locator``.</doc>
<status status="PASS" start="2025-01-14T10:09:12.970328" elapsed="0.069617"/>
</kw>
<var name="${NUMBER}">12</var>
<status status="PASS" start="2025-01-14T10:09:12.970134" elapsed="0.069920"/>
</iter>
<iter>
<kw name="Click Element" owner="SeleniumLibrary">
<msg time="2025-01-14T10:09:13.040548" level="INFO">Clicking element 'id=n13'.</msg>
<arg>locator=id=n${NUMBER}</arg>
<doc>Click the element identified by ``locator``.</doc>
<status status="PASS" start="2025-01-14T10:09:13.040318" elapsed="0.081909"/>
</kw>
<var name="${NUMBER}">13</var>
<status status="PASS" start="2025-01-14T10:09:13.040196" elapsed="0.082140"/>
</iter>
<iter>
<kw name="Click Element" owner="SeleniumLibrary">
<msg time="2025-01-14T10:09:13.123144" level="INFO">Clicking element 'id=n34'.</msg>
<arg>locator=id=n${NUMBER}</arg>
<doc>Click the element identified by ``locator``.</doc>
<status status="PASS" start="2025-01-14T10:09:13.122651" elapsed="0.068534"/>
</kw>
<var name="${NUMBER}">34</var>
<status status="PASS" start="2025-01-14T10:09:13.122502" elapsed="0.068780"/>
</iter>
<iter>
<kw name="Click Element" owner="SeleniumLibrary">
<msg time="2025-01-14T10:09:13.191802" level="INFO">Clicking element 'id=n42'.</msg>
<arg>locator=id=n${NUMBER}</arg>
<doc>Click the element identified by ``locator``.</doc>
<status status="PASS" start="2025-01-14T10:09:13.191560" elapsed="0.087027"/>
</kw>
<var name="${NUMBER}">42</var>
<status status="PASS" start="2025-01-14T10:09:13.191435" elapsed="0.087267"/>
</iter>
<iter>
<kw name="Click Element" owner="SeleniumLibrary">
<msg time="2025-01-14T10:09:13.279431" level="INFO">Clicking element 'id=n49'.</msg>
<arg>locator=id=n${NUMBER}</arg>
<doc>Click the element identified by ``locator``.</doc>
<status status="PASS" start="2025-01-14T10:09:13.279048" elapsed="0.110522"/>
</kw>
<var name="${NUMBER}">49</var>
<status status="PASS" start="2025-01-14T10:09:13.278874" elapsed="0.110816"/>
</iter>
<var>${NUMBER}</var>
<value>@{NUMBERS}</value>
<status status="PASS" start="2025-01-14T10:09:12.909685" elapsed="0.480069"/>
</for>
<kw name="Add to cart" owner="resources">
<kw name="Click Element" owner="SeleniumLibrary">
<msg time="2025-01-14T10:09:13.390845" level="INFO">Clicking element 'id=colocarnocarrinho'.</msg>
<arg>locator=${ELEMENT_ADD_TO_CART_LOCATOR}</arg>
<doc>Click the element identified by ``locator``.</doc>
<status status="PASS" start="2025-01-14T10:09:13.390470" elapsed="0.132065"/>
</kw>
<status status="PASS" start="2025-01-14T10:09:13.389953" elapsed="0.132895"/>
</kw>
<var name="${NUMBERS}">['01', '12', '13', '34', '42', '49']</var>
<status status="PASS" start="2025-01-14T10:09:12.909647" elapsed="0.613251"/>
</iter>
<iter>
<for flavor="IN">
<iter>
<kw name="Click Element" owner="SeleniumLibrary">
<msg time="2025-01-14T10:09:13.524134" level="INFO">Clicking element 'id=n01'.</msg>
<arg>locator=id=n${NUMBER}</arg>
<doc>Click the element identified by ``locator``.</doc>
<status status="PASS" start="2025-01-14T10:09:13.523953" elapsed="0.115045"/>
</kw>
<var name="${NUMBER}">01</var>
<status status="PASS" start="2025-01-14T10:09:13.523852" elapsed="0.115246"/>
</iter>
<iter>
<kw name="Click Element" owner="SeleniumLibrary">
<msg time="2025-01-14T10:09:13.639513" level="INFO">Clicking element 'id=n12'.</msg>
<arg>locator=id=n${NUMBER}</arg>
<doc>Click the element identified by ``locator``.</doc>
<status status="PASS" start="2025-01-14T10:09:13.639317" elapsed="0.066002"/>
</kw>
<var name="${NUMBER}">12</var>
<status status="PASS" start="2025-01-14T10:09:13.639217" elapsed="0.066202"/>
</iter>
<iter>
<kw name="Click Element" owner="SeleniumLibrary">
<msg time="2025-01-14T10:09:13.706374" level="INFO">Clicking element 'id=n16'.</msg>
<arg>locator=id=n${NUMBER}</arg>
<doc>Click the element identified by ``locator``.</doc>
<status status="PASS" start="2025-01-14T10:09:13.705760" elapsed="0.063653"/>
</kw>
<var name="${NUMBER}">16</var>
<status status="PASS" start="2025-01-14T10:09:13.705531" elapsed="0.064081"/>
</iter>
<iter>
<kw name="Click Element" owner="SeleniumLibrary">
<msg time="2025-01-14T10:09:13.771286" level="INFO">Clicking element 'id=n27'.</msg>
<arg>locator=id=n${NUMBER}</arg>
<doc>Click the element identified by ``locator``.</doc>
<status status="PASS" start="2025-01-14T10:09:13.770355" elapsed="0.091275"/>
</kw>
<var name="${NUMBER}">27</var>
<status status="PASS" start="2025-01-14T10:09:13.769924" elapsed="0.091784"/>
</iter>
<iter>
<kw name="Click Element" owner="SeleniumLibrary">
<msg time="2025-01-14T10:09:13.862138" level="INFO">Clicking element 'id=n29'.</msg>
<arg>locator=id=n${NUMBER}</arg>
<doc>Click the element identified by ``locator``.</doc>
<status status="PASS" start="2025-01-14T10:09:13.861924" elapsed="0.050502"/>
</kw>
<var name="${NUMBER}">29</var>
<status status="PASS" start="2025-01-14T10:09:13.861823" elapsed="0.050683"/>
</iter>
<iter>
<kw name="Click Element" owner="SeleniumLibrary">
<msg time="2025-01-14T10:09:13.913083" level="INFO">Clicking element 'id=n37'.</msg>
<arg>locator=id=n${NUMBER}</arg>
<doc>Click the element identified by ``locator``.</doc>
<status status="PASS" start="2025-01-14T10:09:13.912734" elapsed="0.051554"/>
</kw>
<var name="${NUMBER}">37</var>
<status status="PASS" start="2025-01-14T10:09:13.912635" elapsed="0.051800"/>
</iter>
<var>${NUMBER}</var>
<value>@{NUMBERS}</value>
<status status="PASS" start="2025-01-14T10:09:13.523660" elapsed="0.440822"/>
</for>
<kw name="Add to cart" owner="resources">
<kw name="Click Element" owner="SeleniumLibrary">
<msg time="2025-01-14T10:09:13.965281" level="INFO">Clicking element 'id=colocarnocarrinho'.</msg>
<arg>locator=${ELEMENT_ADD_TO_CART_LOCATOR}</arg>
<doc>Click the element identified by ``locator``.</doc>
<status status="PASS" start="2025-01-14T10:09:13.964991" elapsed="0.120254"/>
</kw>
<status status="PASS" start="2025-01-14T10:09:13.964712" elapsed="0.120682"/>
</kw>
<var name="${NUMBERS}">['01', '12', '16', '27', '29', '37']</var>
<status status="PASS" start="2025-01-14T10:09:13.523436" elapsed="0.562006"/>
</iter>
<iter>
<for flavor="IN">
<iter>
<kw name="Click Element" owner="SeleniumLibrary">
<msg time="2025-01-14T10:09:14.086178" level="INFO">Clicking element 'id=n01'.</msg>
<arg>locator=id=n${NUMBER}</arg>
<doc>Click the element identified by ``locator``.</doc>
<status status="PASS" start="2025-01-14T10:09:14.085918" elapsed="0.094215"/>
</kw>
<var name="${NUMBER}">01</var>
<status status="PASS" start="2025-01-14T10:09:14.085805" elapsed="0.094414"/>
</iter>
<iter>
<kw name="Click Element" owner="SeleniumLibrary">
<msg time="2025-01-14T10:09:14.180656" level="INFO">Clicking element 'id=n12'.</msg>
<arg>locator=id=n${NUMBER}</arg>
<doc>Click the element identified by ``locator``.</doc>
<status status="PASS" start="2025-01-14T10:09:14.180451" elapsed="0.135127"/>
</kw>
<var name="${NUMBER}">12</var>
<status status="PASS" start="2025-01-14T10:09:14.180341" elapsed="0.135554"/>
</iter>
<iter>
<kw name="Click Element" owner="SeleniumLibrary">
<msg time="2025-01-14T10:09:14.317276" level="INFO">Clicking element 'id=n17'.</msg>
<arg>locator=id=n${NUMBER}</arg>
<doc>Click the element identified by ``locator``.</doc>
<status status="PASS" start="2025-01-14T10:09:14.316644" elapsed="0.138933"/>
</kw>
<var name="${NUMBER}">17</var>
<status status="PASS" start="2025-01-14T10:09:14.316365" elapsed="0.139531"/>
</iter>
<iter>
<kw name="Click Element" owner="SeleniumLibrary">
<msg time="2025-01-14T10:09:14.458075" level="INFO">Clicking element 'id=n23'.</msg>
<arg>locator=id=n${NUMBER}</arg>
<doc>Click the element identified by ``locator``.</doc>
<status status="PASS" start="2025-01-14T10:09:14.457079" elapsed="0.151286"/>
</kw>
<var name="${NUMBER}">23</var>
<status status="PASS" start="2025-01-14T10:09:14.456565" elapsed="0.152127"/>
</iter>
<iter>
<kw name="Click Element" owner="SeleniumLibrary">
<msg time="2025-01-14T10:09:14.610932" level="INFO">Clicking element 'id=n27'.</msg>
<arg>locator=id=n${NUMBER}</arg>
<doc>Click the element identified by ``locator``.</doc>
<status status="PASS" start="2025-01-14T10:09:14.609793" elapsed="0.117959"/>
</kw>
<var name="${NUMBER}">27</var>
<status status="PASS" start="2025-01-14T10:09:14.609248" elapsed="0.118977"/>
</iter>
<iter>
<kw name="Click Element" owner="SeleniumLibrary">
<msg time="2025-01-14T10:09:14.729686" level="INFO">Clicking element 'id=n43'.</msg>
<arg>locator=id=n${NUMBER}</arg>
<doc>Click the element identified by ``locator``.</doc>
<status status="PASS" start="2025-01-14T10:09:14.729048" elapsed="0.110080"/>
</kw>
<var name="${NUMBER}">43</var>
<status status="PASS" start="2025-01-14T10:09:14.728657" elapsed="0.110561"/>
</iter>
<var>${NUMBER}</var>
<value>@{NUMBERS}</value>
<status status="PASS" start="2025-01-14T10:09:14.085680" elapsed="0.753588"/>
</for>
<kw name="Add to cart" owner="resources">
<kw name="Click Element" owner="SeleniumLibrary">
<msg time="2025-01-14T10:09:14.839916" level="INFO">Clicking element 'id=colocarnocarrinho'.</msg>
<arg>locator=${ELEMENT_ADD_TO_CART_LOCATOR}</arg>
<doc>Click the element identified by ``locator``.</doc>
<status status="PASS" start="2025-01-14T10:09:14.839709" elapsed="0.137306"/>
</kw>
<status status="PASS" start="2025-01-14T10:09:14.839461" elapsed="0.137661"/>
</kw>
<var name="${NUMBERS}">['01', '12', '17', '23', '27', '43']</var>
<status status="PASS" start="2025-01-14T10:09:14.085635" elapsed="0.891516"/>
</iter>
<iter>
<for flavor="IN">
<iter>
<kw name="Click Element" owner="SeleniumLibrary">
<msg time="2025-01-14T10:09:14.977684" level="INFO">Clicking element 'id=n01'.</msg>
<arg>locator=id=n${NUMBER}</arg>
<doc>Click the element identified by ``locator``.</doc>
<status status="PASS" start="2025-01-14T10:09:14.977511" elapsed="0.081838"/>
</kw>
<var name="${NUMBER}">01</var>
<status status="PASS" start="2025-01-14T10:09:14.977421" elapsed="0.082006"/>
</iter>
<iter>
<kw name="Click Element" owner="SeleniumLibrary">
<msg time="2025-01-14T10:09:15.059861" level="INFO">Clicking element 'id=n13'.</msg>
<arg>locator=id=n${NUMBER}</arg>
<doc>Click the element identified by ``locator``.</doc>
<status status="PASS" start="2025-01-14T10:09:15.059651" elapsed="0.064772"/>
</kw>
<var name="${NUMBER}">13</var>
<status status="PASS" start="2025-01-14T10:09:15.059545" elapsed="0.064998"/>
</iter>
<iter>
<kw name="Click Element" owner="SeleniumLibrary">
<msg time="2025-01-14T10:09:15.125157" level="INFO">Clicking element 'id=n22'.</msg>
<arg>locator=id=n${NUMBER}</arg>
<doc>Click the element identified by ``locator``.</doc>
<status status="PASS" start="2025-01-14T10:09:15.124863" elapsed="0.090738"/>
</kw>
<var name="${NUMBER}">22</var>
<status status="PASS" start="2025-01-14T10:09:15.124716" elapsed="0.090993"/>
</iter>
<iter>
<kw name="Click Element" owner="SeleniumLibrary">
<msg time="2025-01-14T10:09:15.216311" level="INFO">Clicking element 'id=n24'.</msg>
<arg>locator=id=n${NUMBER}</arg>
<doc>Click the element identified by ``locator``.</doc>
<status status="PASS" start="2025-01-14T10:09:15.216024" elapsed="0.106959"/>
</kw>
<var name="${NUMBER}">24</var>
<status status="PASS" start="2025-01-14T10:09:15.215871" elapsed="0.107257"/>
</iter>
<iter>
<kw name="Click Element" owner="SeleniumLibrary">
<msg time="2025-01-14T10:09:15.324386" level="INFO">Clicking element 'id=n25'.</msg>
<arg>locator=id=n${NUMBER}</arg>
<doc>Click the element identified by ``locator``.</doc>
<status status="PASS" start="2025-01-14T10:09:15.323506" elapsed="0.088444"/>
</kw>
<var name="${NUMBER}">25</var>
<status status="PASS" start="2025-01-14T10:09:15.323324" elapsed="0.088751"/>
</iter>
<iter>
<kw name="Click Element" owner="SeleniumLibrary">
<msg time="2025-01-14T10:09:15.412677" level="INFO">Clicking element 'id=n26'.</msg>
<arg>locator=id=n${NUMBER}</arg>
<doc>Click the element identified by ``locator``.</doc>
<status status="PASS" start="2025-01-14T10:09:15.412375" elapsed="0.113832"/>
</kw>
<var name="${NUMBER}">26</var>
<status status="PASS" start="2025-01-14T10:09:15.412235" elapsed="0.114366"/>
</iter>
<var>${NUMBER}</var>
<value>@{NUMBERS}</value>
<status status="PASS" start="2025-01-14T10:09:14.977321" elapsed="0.549397"/>
</for>
<kw name="Add to cart" owner="resources">
<kw name="Click Element" owner="SeleniumLibrary">
<msg time="2025-01-14T10:09:15.528649" level="INFO">Clicking element 'id=colocarnocarrinho'.</msg>
<arg>locator=${ELEMENT_ADD_TO_CART_LOCATOR}</arg>
<doc>Click the element identified by ``locator``.</doc>
<status status="PASS" start="2025-01-14T10:09:15.528380" elapsed="0.130844"/>
</kw>
<status status="PASS" start="2025-01-14T10:09:15.527567" elapsed="0.131784"/>
</kw>
<var name="${NUMBERS}">['01', '13', '22', '24', '25', '26']</var>
<status status="PASS" start="2025-01-14T10:09:14.977285" elapsed="0.682097"/>
</iter>
<var>${NUMBERS}</var>
<value>@{LIST_NUMBERS}</value>
<status status="PASS" start="2025-01-14T10:08:56.960815" elapsed="18.698613"/>
</for>
<status status="PASS" start="2025-01-14T10:08:56.854622" elapsed="18.804868"/>
</kw>
<status status="PASS" start="2025-01-14T10:08:53.527840" elapsed="22.131807"/>
</test>
<status status="PASS" start="2025-01-14T10:08:53.428116" elapsed="22.231910"/>
</suite>
<statistics>
<total>
<stat pass="1" fail="0" skip="0">All Tests</stat>
</total>
<tag>
</tag>
<suite>
<stat pass="1" fail="0" skip="0" id="s1" name="Loteria">Loteria</stat>
</suite>
</statistics>
<errors>
</errors>
</robot>
